2021-08-31 20:28:52 [main] INFO  o.s.b.t.c.SpringBootTestContextBootstrapper - Neither @ContextConfiguration nor @ContextHierarchy found for test class [com.microservices.demo.twitter.to.kafka.service.TwitterToKafkaServiceApplicationTests], using SpringBootContextLoader
2021-08-31 20:28:52 [main] INFO  o.s.t.c.s.AbstractContextLoader - Could not detect default resource locations for test class [com.microservices.demo.twitter.to.kafka.service.TwitterToKafkaServiceApplicationTests]: no resource found for suffixes {-context.xml, Context.groovy}.
2021-08-31 20:28:52 [main] INFO  o.s.t.c.s.AnnotationConfigContextLoaderUtils - Could not detect default configuration classes for test class [com.microservices.demo.twitter.to.kafka.service.TwitterToKafkaServiceApplicationTests]: TwitterToKafkaServiceApplicationTests does not declare any static, non-private, non-final, nested classes annotated with @Configuration.
2021-08-31 20:28:53 [main] INFO  o.s.b.t.c.SpringBootTestContextBootstrapper - Found @SpringBootConfiguration com.microservices.demo.twitter.to.kafka.service.TwitterToKafkaServiceApplication for test class com.microservices.demo.twitter.to.kafka.service.TwitterToKafkaServiceApplicationTests
2021-08-31 20:28:54 [main] INFO  o.s.b.t.c.SpringBootTestContextBootstrapper - Loaded default TestExecutionListener class names from location [META-INF/spring.factories]: [org.springframework.boot.test.mock.mockito.MockitoTestExecutionListener, org.springframework.boot.test.mock.mockito.ResetMocksTestExecutionListener, org.springframework.boot.test.autoconfigure.restdocs.RestDocsTestExecutionListener, org.springframework.boot.test.autoconfigure.web.client.MockRestServiceServerResetTestExecutionListener, org.springframework.boot.test.autoconfigure.web.servlet.MockMvcPrintOnlyOnFailureTestExecutionListener, org.springframework.boot.test.autoconfigure.web.servlet.WebDriverTestExecutionListener, org.springframework.boot.test.autoconfigure.webservices.client.MockWebServiceServerTestExecutionListener, org.springframework.test.context.web.ServletTestExecutionListener, org.springframework.test.context.support.DirtiesContextBeforeModesTestExecutionListener, org.springframework.test.context.event.ApplicationEventsTestExecutionListener, org.springframework.test.context.support.DependencyInjectionTestExecutionListener, org.springframework.test.context.support.DirtiesContextTestExecutionListener, org.springframework.test.context.transaction.TransactionalTestExecutionListener, org.springframework.test.context.jdbc.SqlScriptsTestExecutionListener, org.springframework.test.context.event.EventPublishingTestExecutionListener]
2021-08-31 20:28:54 [main] INFO  o.s.b.t.c.SpringBootTestContextBootstrapper - Using TestExecutionListeners: [org.springframework.test.context.support.DirtiesContextBeforeModesTestExecutionListener@32cb636e, org.springframework.test.context.event.ApplicationEventsTestExecutionListener@63cd604c, org.springframework.boot.test.mock.mockito.MockitoTestExecutionListener@40dd3977, org.springframework.boot.test.autoconfigure.SpringBootDependencyInjectionTestExecutionListener@3a4e343, org.springframework.test.context.support.DirtiesContextTestExecutionListener@6a1d204a, org.springframework.test.context.transaction.TransactionalTestExecutionListener@62dae245, org.springframework.test.context.jdbc.SqlScriptsTestExecutionListener@4b6579e8, org.springframework.test.context.event.EventPublishingTestExecutionListener@6fff253c, org.springframework.boot.test.mock.mockito.ResetMocksTestExecutionListener@6c6357f9, org.springframework.boot.test.autoconfigure.restdocs.RestDocsTestExecutionListener@591e58fa, org.springframework.boot.test.autoconfigure.web.client.MockRestServiceServerResetTestExecutionListener@3954d008, org.springframework.boot.test.autoconfigure.web.servlet.MockMvcPrintOnlyOnFailureTestExecutionListener@2f94c4db, org.springframework.boot.test.autoconfigure.web.servlet.WebDriverTestExecutionListener@593e824f, org.springframework.boot.test.autoconfigure.webservices.client.MockWebServiceServerTestExecutionListener@72ccd81a]
2021-08-31 20:28:56 [main] INFO  c.m.d.t.t.k.s.TwitterToKafkaServiceApplicationTests - Starting TwitterToKafkaServiceApplicationTests using Java 11.0.10 on Vishal with PID 2616 (started by VISHAL in E:\MicroservicesHandsOn\microservices-demo\twitter-to-kafka-service)
2021-08-31 20:28:56 [main] INFO  c.m.d.t.t.k.s.TwitterToKafkaServiceApplicationTests - No active profile set, falling back to default profiles: default
2021-08-31 20:29:05 [main] INFO  o.a.k.c.admin.AdminClientConfig - AdminClientConfig values: 
	bootstrap.servers = [localhost:19092, localhost:29092, localhost:39092]
	client.dns.lookup = use_all_dns_ips
	client.id = 
	connections.max.idle.ms = 300000
	default.api.timeout.ms = 60000
	metadata.max.age.ms = 300000
	metric.reporters = []
	metrics.num.samples = 2
	metrics.recording.level = INFO
	metrics.sample.window.ms = 30000
	receive.buffer.bytes = 65536
	reconnect.backoff.max.ms = 1000
	reconnect.backoff.ms = 50
	request.timeout.ms = 30000
	retries = 2147483647
	retry.backoff.ms = 100
	sasl.client.callback.handler.class = null
	sasl.jaas.config = null
	sasl.kerberos.kinit.cmd = /usr/bin/kinit
	sasl.kerberos.min.time.before.relogin = 60000
	sasl.kerberos.service.name = null
	sasl.kerberos.ticket.renew.jitter = 0.05
	sasl.kerberos.ticket.renew.window.factor = 0.8
	sasl.login.callback.handler.class = null
	sasl.login.class = null
	sasl.login.refresh.buffer.seconds = 300
	sasl.login.refresh.min.period.seconds = 60
	sasl.login.refresh.window.factor = 0.8
	sasl.login.refresh.window.jitter = 0.05
	sasl.mechanism = GSSAPI
	security.protocol = PLAINTEXT
	security.providers = null
	send.buffer.bytes = 131072
	socket.connection.setup.timeout.max.ms = 127000
	socket.connection.setup.timeout.ms = 10000
	ssl.cipher.suites = null
	ssl.enabled.protocols = [TLSv1.2, TLSv1.3]
	ssl.endpoint.identification.algorithm = https
	ssl.engine.factory.class = null
	ssl.key.password = null
	ssl.keymanager.algorithm = SunX509
	ssl.keystore.certificate.chain = null
	ssl.keystore.key = null
	ssl.keystore.location = null
	ssl.keystore.password = null
	ssl.keystore.type = JKS
	ssl.protocol = TLSv1.3
	ssl.provider = null
	ssl.secure.random.implementation = null
	ssl.trustmanager.algorithm = PKIX
	ssl.truststore.certificates = null
	ssl.truststore.location = null
	ssl.truststore.password = null
	ssl.truststore.type = JKS

2021-08-31 20:29:10 [main] INFO  o.a.kafka.common.utils.AppInfoParser - Kafka version: 2.7.1
2021-08-31 20:29:10 [main] INFO  o.a.kafka.common.utils.AppInfoParser - Kafka commitId: 61dbce85d0d41457
2021-08-31 20:29:10 [main] INFO  o.a.kafka.common.utils.AppInfoParser - Kafka startTimeMs: 1630421950368
2021-08-31 20:29:30 [main] INFO  c.m.d.t.t.k.s.TwitterToKafkaServiceApplicationTests - Started TwitterToKafkaServiceApplicationTests in 36.031 seconds (JVM running for 47.143)
2021-08-31 20:29:30 [main] INFO  c.m.d.t.t.k.s.TwitterToKafkaServiceApplication - App starts...
2021-08-31 20:29:30 [main] INFO  c.m.d.k.a.client.KafkaAdminClient - Creating 1 topics(s), attempt 0
2021-08-31 20:29:30 [main] INFO  c.m.d.k.a.client.KafkaAdminClient - Reading kafka topics [twitter-topic], attempts 0
2021-08-31 20:29:38 [reactor-http-nio-2] INFO  c.m.d.k.a.client.KafkaAdminClient - Successful response from schema registry
2021-08-31 20:29:38 [main] INFO  c.m.d.t.t.k.s.i.i.KafkaStreamInitializer - Topics with name twitter-topic is ready for operations!
2021-08-31 20:29:38 [main] INFO  c.m.d.t.t.k.s.r.i.TwitterKafkaStreamRunner - Started filtering twitter stream for keywords [Java, Microservices, Spring, Kafka, Elasticsearch]
2021-08-31 20:29:38 [Twitter Stream consumer /  [1][initializing]] INFO  twitter4j.TwitterStreamImpl - Establishing connection.
2021-08-31 20:29:47 [kafka-admin-client-thread | adminclient-1] INFO  o.a.kafka.common.utils.AppInfoParser - App info kafka.admin.client for adminclient-1 unregistered
2021-08-31 20:29:47 [Twitter Stream consumer /  [1][Establishing connection]] INFO  twitter4j.TwitterStreamImpl - Connection established.
2021-08-31 20:29:47 [Twitter Stream consumer /  [1][Establishing connection]] INFO  twitter4j.TwitterStreamImpl - Receiving status stream.
2021-08-31 20:29:47 [kafka-admin-client-thread | adminclient-1] INFO  o.a.kafka.common.metrics.Metrics - Metrics scheduler closed
2021-08-31 20:29:47 [kafka-admin-client-thread | adminclient-1] INFO  o.a.kafka.common.metrics.Metrics - Closing reporter org.apache.kafka.common.metrics.JmxReporter
2021-08-31 20:29:47 [kafka-admin-client-thread | adminclient-1] INFO  o.a.kafka.common.metrics.Metrics - Metrics reporters closed
2021-08-31 20:29:47 [SpringApplicationShutdownHook] INFO  c.m.d.t.t.k.s.r.i.TwitterKafkaStreamRunner - Closing twitter stream
2021-08-31 20:29:47 [SpringApplicationShutdownHook] INFO  c.m.d.k.p.c.s.i.TwitterKafkaProducer - Closing kafka producer!
