2021-08-31 01:55:29 [main] INFO  c.m.d.t.t.k.s.TwitterToKafkaServiceApplication - Starting TwitterToKafkaServiceApplication using Java 11.0.10 on Vishal with PID 8820 (E:\MicroservicesHandsOn\microservices-demo\twitter-to-kafka-service\target\classes started by VISHAL in E:\MicroservicesHandsOn\microservices-demo)
2021-08-31 01:55:29 [main] INFO  c.m.d.t.t.k.s.TwitterToKafkaServiceApplication - No active profile set, falling back to default profiles: default
2021-08-31 01:55:34 [main] WARN  o.s.b.w.r.c.AnnotationConfigReactiveWebServerApplicationContext - Exception encountered during context initialization - cancelling refresh attempt: org.springframework.beans.factory.BeanCreationException: Error creating bean with name 'org.springframework.aop.config.internalAutoProxyCreator': Initialization of bean failed; nested exception is java.lang.NoClassDefFoundError: org/aspectj/lang/annotation/Pointcut
2021-08-31 01:55:34 [main] INFO  o.s.b.a.l.ConditionEvaluationReportLoggingListener - 

Error starting ApplicationContext. To display the conditions report re-run your application with 'debug' enabled.
2021-08-31 01:55:34 [main] ERROR o.s.boot.SpringApplication - Application run failed
org.springframework.beans.factory.BeanCreationException: Error creating bean with name 'org.springframework.aop.config.internalAutoProxyCreator': Initialization of bean failed; nested exception is java.lang.NoClassDefFoundError: org/aspectj/lang/annotation/Pointcut
	at org.springframework.beans.factory.support.AbstractAutowireCapableBeanFactory.doCreateBean(AbstractAutowireCapableBeanFactory.java:610)
	at org.springframework.beans.factory.support.AbstractAutowireCapableBeanFactory.createBean(AbstractAutowireCapableBeanFactory.java:524)
	at org.springframework.beans.factory.support.AbstractBeanFactory.lambda$doGetBean$0(AbstractBeanFactory.java:335)
	at org.springframework.beans.factory.support.DefaultSingletonBeanRegistry.getSingleton(DefaultSingletonBeanRegistry.java:234)
	at org.springframework.beans.factory.support.AbstractBeanFactory.doGetBean(AbstractBeanFactory.java:333)
	at org.springframework.beans.factory.support.AbstractBeanFactory.getBean(AbstractBeanFactory.java:213)
	at org.springframework.context.support.PostProcessorRegistrationDelegate.registerBeanPostProcessors(PostProcessorRegistrationDelegate.java:258)
	at org.springframework.context.support.AbstractApplicationContext.registerBeanPostProcessors(AbstractApplicationContext.java:762)
	at org.springframework.context.support.AbstractApplicationContext.refresh(AbstractApplicationContext.java:567)
	at org.springframework.boot.web.reactive.context.ReactiveWebServerApplicationContext.refresh(ReactiveWebServerApplicationContext.java:64)
	at org.springframework.boot.SpringApplication.refresh(SpringApplication.java:754)
	at org.springframework.boot.SpringApplication.refreshContext(SpringApplication.java:434)
	at org.springframework.boot.SpringApplication.run(SpringApplication.java:338)
	at org.springframework.boot.SpringApplication.run(SpringApplication.java:1343)
	at org.springframework.boot.SpringApplication.run(SpringApplication.java:1332)
	at com.microservices.demo.twitter.to.kafka.service.TwitterToKafkaServiceApplication.main(TwitterToKafkaServiceApplication.java:28)
Caused by: java.lang.NoClassDefFoundError: org/aspectj/lang/annotation/Pointcut
	at org.springframework.aop.aspectj.annotation.AbstractAspectJAdvisorFactory.<clinit>(AbstractAspectJAdvisorFactory.java:62)
	at org.springframework.aop.aspectj.annotation.AnnotationAwareAspectJAutoProxyCreator.initBeanFactory(AnnotationAwareAspectJAutoProxyCreator.java:82)
	at org.springframework.aop.framework.autoproxy.AbstractAdvisorAutoProxyCreator.setBeanFactory(AbstractAdvisorAutoProxyCreator.java:65)
	at org.springframework.beans.factory.support.AbstractAutowireCapableBeanFactory.invokeAwareMethods(AbstractAutowireCapableBeanFactory.java:1808)
	at org.springframework.beans.factory.support.AbstractAutowireCapableBeanFactory.initializeBean(AbstractAutowireCapableBeanFactory.java:1773)
	at org.springframework.beans.factory.support.AbstractAutowireCapableBeanFactory.doCreateBean(AbstractAutowireCapableBeanFactory.java:602)
	... 15 common frames omitted
Caused by: java.lang.ClassNotFoundException: org.aspectj.lang.annotation.Pointcut
	at java.base/jdk.internal.loader.BuiltinClassLoader.loadClass(BuiltinClassLoader.java:581)
	at java.base/jdk.internal.loader.ClassLoaders$AppClassLoader.loadClass(ClassLoaders.java:178)
	at java.base/java.lang.ClassLoader.loadClass(ClassLoader.java:521)
	... 21 common frames omitted
2021-08-31 11:56:11 [main] INFO  c.m.d.t.t.k.s.TwitterToKafkaServiceApplication - Starting TwitterToKafkaServiceApplication using Java 11.0.10 on Vishal with PID 5404 (E:\MicroservicesHandsOn\microservices-demo\twitter-to-kafka-service\target\classes started by VISHAL in E:\MicroservicesHandsOn\microservices-demo)
2021-08-31 11:56:11 [main] INFO  c.m.d.t.t.k.s.TwitterToKafkaServiceApplication - No active profile set, falling back to default profiles: default
2021-08-31 11:56:15 [main] WARN  o.s.b.w.r.c.AnnotationConfigReactiveWebServerApplicationContext - Exception encountered during context initialization - cancelling refresh attempt: org.springframework.beans.factory.BeanCreationException: Error creating bean with name 'org.springframework.aop.config.internalAutoProxyCreator': Initialization of bean failed; nested exception is java.lang.NoClassDefFoundError: org/aspectj/lang/annotation/Pointcut
2021-08-31 11:56:15 [main] INFO  o.s.b.a.l.ConditionEvaluationReportLoggingListener - 

Error starting ApplicationContext. To display the conditions report re-run your application with 'debug' enabled.
2021-08-31 11:56:16 [main] ERROR o.s.boot.SpringApplication - Application run failed
org.springframework.beans.factory.BeanCreationException: Error creating bean with name 'org.springframework.aop.config.internalAutoProxyCreator': Initialization of bean failed; nested exception is java.lang.NoClassDefFoundError: org/aspectj/lang/annotation/Pointcut
	at org.springframework.beans.factory.support.AbstractAutowireCapableBeanFactory.doCreateBean(AbstractAutowireCapableBeanFactory.java:610)
	at org.springframework.beans.factory.support.AbstractAutowireCapableBeanFactory.createBean(AbstractAutowireCapableBeanFactory.java:524)
	at org.springframework.beans.factory.support.AbstractBeanFactory.lambda$doGetBean$0(AbstractBeanFactory.java:335)
	at org.springframework.beans.factory.support.DefaultSingletonBeanRegistry.getSingleton(DefaultSingletonBeanRegistry.java:234)
	at org.springframework.beans.factory.support.AbstractBeanFactory.doGetBean(AbstractBeanFactory.java:333)
	at org.springframework.beans.factory.support.AbstractBeanFactory.getBean(AbstractBeanFactory.java:213)
	at org.springframework.context.support.PostProcessorRegistrationDelegate.registerBeanPostProcessors(PostProcessorRegistrationDelegate.java:258)
	at org.springframework.context.support.AbstractApplicationContext.registerBeanPostProcessors(AbstractApplicationContext.java:762)
	at org.springframework.context.support.AbstractApplicationContext.refresh(AbstractApplicationContext.java:567)
	at org.springframework.boot.web.reactive.context.ReactiveWebServerApplicationContext.refresh(ReactiveWebServerApplicationContext.java:64)
	at org.springframework.boot.SpringApplication.refresh(SpringApplication.java:754)
	at org.springframework.boot.SpringApplication.refreshContext(SpringApplication.java:434)
	at org.springframework.boot.SpringApplication.run(SpringApplication.java:338)
	at org.springframework.boot.SpringApplication.run(SpringApplication.java:1343)
	at org.springframework.boot.SpringApplication.run(SpringApplication.java:1332)
	at com.microservices.demo.twitter.to.kafka.service.TwitterToKafkaServiceApplication.main(TwitterToKafkaServiceApplication.java:28)
Caused by: java.lang.NoClassDefFoundError: org/aspectj/lang/annotation/Pointcut
	at org.springframework.aop.aspectj.annotation.AbstractAspectJAdvisorFactory.<clinit>(AbstractAspectJAdvisorFactory.java:62)
	at org.springframework.aop.aspectj.annotation.AnnotationAwareAspectJAutoProxyCreator.initBeanFactory(AnnotationAwareAspectJAutoProxyCreator.java:82)
	at org.springframework.aop.framework.autoproxy.AbstractAdvisorAutoProxyCreator.setBeanFactory(AbstractAdvisorAutoProxyCreator.java:65)
	at org.springframework.beans.factory.support.AbstractAutowireCapableBeanFactory.invokeAwareMethods(AbstractAutowireCapableBeanFactory.java:1808)
	at org.springframework.beans.factory.support.AbstractAutowireCapableBeanFactory.initializeBean(AbstractAutowireCapableBeanFactory.java:1773)
	at org.springframework.beans.factory.support.AbstractAutowireCapableBeanFactory.doCreateBean(AbstractAutowireCapableBeanFactory.java:602)
	... 15 common frames omitted
Caused by: java.lang.ClassNotFoundException: org.aspectj.lang.annotation.Pointcut
	at java.base/jdk.internal.loader.BuiltinClassLoader.loadClass(BuiltinClassLoader.java:581)
	at java.base/jdk.internal.loader.ClassLoaders$AppClassLoader.loadClass(ClassLoaders.java:178)
	at java.base/java.lang.ClassLoader.loadClass(ClassLoader.java:521)
	... 21 common frames omitted
2021-08-31 12:13:19 [main] INFO  c.m.d.t.t.k.s.TwitterToKafkaServiceApplication - Starting TwitterToKafkaServiceApplication using Java 11.0.10 on Vishal with PID 4268 (E:\MicroservicesHandsOn\microservices-demo\twitter-to-kafka-service\target\classes started by VISHAL in E:\MicroservicesHandsOn\microservices-demo)
2021-08-31 12:13:19 [main] INFO  c.m.d.t.t.k.s.TwitterToKafkaServiceApplication - No active profile set, falling back to default profiles: default
2021-08-31 12:13:25 [main] WARN  o.s.b.w.r.c.AnnotationConfigReactiveWebServerApplicationContext - Exception encountered during context initialization - cancelling refresh attempt: org.springframework.beans.factory.UnsatisfiedDependencyException: Error creating bean with name 'twitterToKafkaServiceApplication': Unsatisfied dependency expressed through constructor parameter 0; nested exception is org.springframework.beans.factory.UnsatisfiedDependencyException: Error creating bean with name 'twitterKafkaStreamRunner' defined in file [E:\MicroservicesHandsOn\microservices-demo\twitter-to-kafka-service\target\classes\com\microservices\demo\twitter\to\kafka\service\runner\impl\TwitterKafkaStreamRunner.class]: Unsatisfied dependency expressed through constructor parameter 1; nested exception is org.springframework.beans.factory.UnsatisfiedDependencyException: Error creating bean with name 'twitterKafkaStatusListener' defined in file [E:\MicroservicesHandsOn\microservices-demo\twitter-to-kafka-service\target\classes\com\microservices\demo\twitter\to\kafka\service\listener\TwitterKafkaStatusListener.class]: Unsatisfied dependency expressed through constructor parameter 1; nested exception is org.springframework.beans.factory.UnsatisfiedDependencyException: Error creating bean with name 'twitterKafkaProducer' defined in file [E:\MicroservicesHandsOn\microservices-demo\kafka\kafka-producer\target\classes\com\microservices\demo\kafka\producer\config\service\impl\TwitterKafkaProducer.class]: Unsatisfied dependency expressed through constructor parameter 0; nested exception is org.springframework.beans.factory.BeanCreationException: Error creating bean with name 'kafkaTemplate' defined in class path resource [com/microservices/demo/kafka/producer/config/KafkaProducerConfig.class]: Bean instantiation via factory method failed; nested exception is org.springframework.beans.BeanInstantiationException: Failed to instantiate [org.springframework.kafka.core.KafkaTemplate]: Factory method 'kafkaTemplate' threw exception; nested exception is org.springframework.beans.factory.BeanCreationException: Error creating bean with name 'producerFactory' defined in class path resource [com/microservices/demo/kafka/producer/config/KafkaProducerConfig.class]: Bean instantiation via factory method failed; nested exception is org.springframework.beans.BeanInstantiationException: Failed to instantiate [org.springframework.kafka.core.ProducerFactory]: Factory method 'producerFactory' threw exception; nested exception is java.lang.NullPointerException
2021-08-31 12:13:26 [main] INFO  o.s.b.a.l.ConditionEvaluationReportLoggingListener - 

Error starting ApplicationContext. To display the conditions report re-run your application with 'debug' enabled.
2021-08-31 12:13:26 [main] ERROR o.s.boot.SpringApplication - Application run failed
org.springframework.beans.factory.UnsatisfiedDependencyException: Error creating bean with name 'twitterToKafkaServiceApplication': Unsatisfied dependency expressed through constructor parameter 0; nested exception is org.springframework.beans.factory.UnsatisfiedDependencyException: Error creating bean with name 'twitterKafkaStreamRunner' defined in file [E:\MicroservicesHandsOn\microservices-demo\twitter-to-kafka-service\target\classes\com\microservices\demo\twitter\to\kafka\service\runner\impl\TwitterKafkaStreamRunner.class]: Unsatisfied dependency expressed through constructor parameter 1; nested exception is org.springframework.beans.factory.UnsatisfiedDependencyException: Error creating bean with name 'twitterKafkaStatusListener' defined in file [E:\MicroservicesHandsOn\microservices-demo\twitter-to-kafka-service\target\classes\com\microservices\demo\twitter\to\kafka\service\listener\TwitterKafkaStatusListener.class]: Unsatisfied dependency expressed through constructor parameter 1; nested exception is org.springframework.beans.factory.UnsatisfiedDependencyException: Error creating bean with name 'twitterKafkaProducer' defined in file [E:\MicroservicesHandsOn\microservices-demo\kafka\kafka-producer\target\classes\com\microservices\demo\kafka\producer\config\service\impl\TwitterKafkaProducer.class]: Unsatisfied dependency expressed through constructor parameter 0; nested exception is org.springframework.beans.factory.BeanCreationException: Error creating bean with name 'kafkaTemplate' defined in class path resource [com/microservices/demo/kafka/producer/config/KafkaProducerConfig.class]: Bean instantiation via factory method failed; nested exception is org.springframework.beans.BeanInstantiationException: Failed to instantiate [org.springframework.kafka.core.KafkaTemplate]: Factory method 'kafkaTemplate' threw exception; nested exception is org.springframework.beans.factory.BeanCreationException: Error creating bean with name 'producerFactory' defined in class path resource [com/microservices/demo/kafka/producer/config/KafkaProducerConfig.class]: Bean instantiation via factory method failed; nested exception is org.springframework.beans.BeanInstantiationException: Failed to instantiate [org.springframework.kafka.core.ProducerFactory]: Factory method 'producerFactory' threw exception; nested exception is java.lang.NullPointerException
	at org.springframework.beans.factory.support.ConstructorResolver.createArgumentArray(ConstructorResolver.java:800)
	at org.springframework.beans.factory.support.ConstructorResolver.autowireConstructor(ConstructorResolver.java:229)
	at org.springframework.beans.factory.support.AbstractAutowireCapableBeanFactory.autowireConstructor(AbstractAutowireCapableBeanFactory.java:1354)
	at org.springframework.beans.factory.support.AbstractAutowireCapableBeanFactory.createBeanInstance(AbstractAutowireCapableBeanFactory.java:1204)
	at org.springframework.beans.factory.support.AbstractAutowireCapableBeanFactory.doCreateBean(AbstractAutowireCapableBeanFactory.java:564)
	at org.springframework.beans.factory.support.AbstractAutowireCapableBeanFactory.createBean(AbstractAutowireCapableBeanFactory.java:524)
	at org.springframework.beans.factory.support.AbstractBeanFactory.lambda$doGetBean$0(AbstractBeanFactory.java:335)
	at org.springframework.beans.factory.support.DefaultSingletonBeanRegistry.getSingleton(DefaultSingletonBeanRegistry.java:234)
	at org.springframework.beans.factory.support.AbstractBeanFactory.doGetBean(AbstractBeanFactory.java:333)
	at org.springframework.beans.factory.support.AbstractBeanFactory.getBean(AbstractBeanFactory.java:208)
	at org.springframework.beans.factory.support.DefaultListableBeanFactory.preInstantiateSingletons(DefaultListableBeanFactory.java:944)
	at org.springframework.context.support.AbstractApplicationContext.finishBeanFactoryInitialization(AbstractApplicationContext.java:918)
	at org.springframework.context.support.AbstractApplicationContext.refresh(AbstractApplicationContext.java:583)
	at org.springframework.boot.web.reactive.context.ReactiveWebServerApplicationContext.refresh(ReactiveWebServerApplicationContext.java:64)
	at org.springframework.boot.SpringApplication.refresh(SpringApplication.java:754)
	at org.springframework.boot.SpringApplication.refreshContext(SpringApplication.java:434)
	at org.springframework.boot.SpringApplication.run(SpringApplication.java:338)
	at org.springframework.boot.SpringApplication.run(SpringApplication.java:1343)
	at org.springframework.boot.SpringApplication.run(SpringApplication.java:1332)
	at com.microservices.demo.twitter.to.kafka.service.TwitterToKafkaServiceApplication.main(TwitterToKafkaServiceApplication.java:28)
Caused by: org.springframework.beans.factory.UnsatisfiedDependencyException: Error creating bean with name 'twitterKafkaStreamRunner' defined in file [E:\MicroservicesHandsOn\microservices-demo\twitter-to-kafka-service\target\classes\com\microservices\demo\twitter\to\kafka\service\runner\impl\TwitterKafkaStreamRunner.class]: Unsatisfied dependency expressed through constructor parameter 1; nested exception is org.springframework.beans.factory.UnsatisfiedDependencyException: Error creating bean with name 'twitterKafkaStatusListener' defined in file [E:\MicroservicesHandsOn\microservices-demo\twitter-to-kafka-service\target\classes\com\microservices\demo\twitter\to\kafka\service\listener\TwitterKafkaStatusListener.class]: Unsatisfied dependency expressed through constructor parameter 1; nested exception is org.springframework.beans.factory.UnsatisfiedDependencyException: Error creating bean with name 'twitterKafkaProducer' defined in file [E:\MicroservicesHandsOn\microservices-demo\kafka\kafka-producer\target\classes\com\microservices\demo\kafka\producer\config\service\impl\TwitterKafkaProducer.class]: Unsatisfied dependency expressed through constructor parameter 0; nested exception is org.springframework.beans.factory.BeanCreationException: Error creating bean with name 'kafkaTemplate' defined in class path resource [com/microservices/demo/kafka/producer/config/KafkaProducerConfig.class]: Bean instantiation via factory method failed; nested exception is org.springframework.beans.BeanInstantiationException: Failed to instantiate [org.springframework.kafka.core.KafkaTemplate]: Factory method 'kafkaTemplate' threw exception; nested exception is org.springframework.beans.factory.BeanCreationException: Error creating bean with name 'producerFactory' defined in class path resource [com/microservices/demo/kafka/producer/config/KafkaProducerConfig.class]: Bean instantiation via factory method failed; nested exception is org.springframework.beans.BeanInstantiationException: Failed to instantiate [org.springframework.kafka.core.ProducerFactory]: Factory method 'producerFactory' threw exception; nested exception is java.lang.NullPointerException
	at org.springframework.beans.factory.support.ConstructorResolver.createArgumentArray(ConstructorResolver.java:800)
	at org.springframework.beans.factory.support.ConstructorResolver.autowireConstructor(ConstructorResolver.java:229)
	at org.springframework.beans.factory.support.AbstractAutowireCapableBeanFactory.autowireConstructor(AbstractAutowireCapableBeanFactory.java:1354)
	at org.springframework.beans.factory.support.AbstractAutowireCapableBeanFactory.createBeanInstance(AbstractAutowireCapableBeanFactory.java:1204)
	at org.springframework.beans.factory.support.AbstractAutowireCapableBeanFactory.doCreateBean(AbstractAutowireCapableBeanFactory.java:564)
	at org.springframework.beans.factory.support.AbstractAutowireCapableBeanFactory.createBean(AbstractAutowireCapableBeanFactory.java:524)
	at org.springframework.beans.factory.support.AbstractBeanFactory.lambda$doGetBean$0(AbstractBeanFactory.java:335)
	at org.springframework.beans.factory.support.DefaultSingletonBeanRegistry.getSingleton(DefaultSingletonBeanRegistry.java:234)
	at org.springframework.beans.factory.support.AbstractBeanFactory.doGetBean(AbstractBeanFactory.java:333)
	at org.springframework.beans.factory.support.AbstractBeanFactory.getBean(AbstractBeanFactory.java:208)
	at org.springframework.beans.factory.config.DependencyDescriptor.resolveCandidate(DependencyDescriptor.java:276)
	at org.springframework.beans.factory.support.DefaultListableBeanFactory.doResolveDependency(DefaultListableBeanFactory.java:1380)
	at org.springframework.beans.factory.support.DefaultListableBeanFactory.resolveDependency(DefaultListableBeanFactory.java:1300)
	at org.springframework.beans.factory.support.ConstructorResolver.resolveAutowiredArgument(ConstructorResolver.java:887)
	at org.springframework.beans.factory.support.ConstructorResolver.createArgumentArray(ConstructorResolver.java:791)
	... 19 common frames omitted
Caused by: org.springframework.beans.factory.UnsatisfiedDependencyException: Error creating bean with name 'twitterKafkaStatusListener' defined in file [E:\MicroservicesHandsOn\microservices-demo\twitter-to-kafka-service\target\classes\com\microservices\demo\twitter\to\kafka\service\listener\TwitterKafkaStatusListener.class]: Unsatisfied dependency expressed through constructor parameter 1; nested exception is org.springframework.beans.factory.UnsatisfiedDependencyException: Error creating bean with name 'twitterKafkaProducer' defined in file [E:\MicroservicesHandsOn\microservices-demo\kafka\kafka-producer\target\classes\com\microservices\demo\kafka\producer\config\service\impl\TwitterKafkaProducer.class]: Unsatisfied dependency expressed through constructor parameter 0; nested exception is org.springframework.beans.factory.BeanCreationException: Error creating bean with name 'kafkaTemplate' defined in class path resource [com/microservices/demo/kafka/producer/config/KafkaProducerConfig.class]: Bean instantiation via factory method failed; nested exception is org.springframework.beans.BeanInstantiationException: Failed to instantiate [org.springframework.kafka.core.KafkaTemplate]: Factory method 'kafkaTemplate' threw exception; nested exception is org.springframework.beans.factory.BeanCreationException: Error creating bean with name 'producerFactory' defined in class path resource [com/microservices/demo/kafka/producer/config/KafkaProducerConfig.class]: Bean instantiation via factory method failed; nested exception is org.springframework.beans.BeanInstantiationException: Failed to instantiate [org.springframework.kafka.core.ProducerFactory]: Factory method 'producerFactory' threw exception; nested exception is java.lang.NullPointerException
	at org.springframework.beans.factory.support.ConstructorResolver.createArgumentArray(ConstructorResolver.java:800)
	at org.springframework.beans.factory.support.ConstructorResolver.autowireConstructor(ConstructorResolver.java:229)
	at org.springframework.beans.factory.support.AbstractAutowireCapableBeanFactory.autowireConstructor(AbstractAutowireCapableBeanFactory.java:1354)
	at org.springframework.beans.factory.support.AbstractAutowireCapableBeanFactory.createBeanInstance(AbstractAutowireCapableBeanFactory.java:1204)
	at org.springframework.beans.factory.support.AbstractAutowireCapableBeanFactory.doCreateBean(AbstractAutowireCapableBeanFactory.java:564)
	at org.springframework.beans.factory.support.AbstractAutowireCapableBeanFactory.createBean(AbstractAutowireCapableBeanFactory.java:524)
	at org.springframework.beans.factory.support.AbstractBeanFactory.lambda$doGetBean$0(AbstractBeanFactory.java:335)
	at org.springframework.beans.factory.support.DefaultSingletonBeanRegistry.getSingleton(DefaultSingletonBeanRegistry.java:234)
	at org.springframework.beans.factory.support.AbstractBeanFactory.doGetBean(AbstractBeanFactory.java:333)
	at org.springframework.beans.factory.support.AbstractBeanFactory.getBean(AbstractBeanFactory.java:208)
	at org.springframework.beans.factory.config.DependencyDescriptor.resolveCandidate(DependencyDescriptor.java:276)
	at org.springframework.beans.factory.support.DefaultListableBeanFactory.doResolveDependency(DefaultListableBeanFactory.java:1380)
	at org.springframework.beans.factory.support.DefaultListableBeanFactory.resolveDependency(DefaultListableBeanFactory.java:1300)
	at org.springframework.beans.factory.support.ConstructorResolver.resolveAutowiredArgument(ConstructorResolver.java:887)
	at org.springframework.beans.factory.support.ConstructorResolver.createArgumentArray(ConstructorResolver.java:791)
	... 33 common frames omitted
Caused by: org.springframework.beans.factory.UnsatisfiedDependencyException: Error creating bean with name 'twitterKafkaProducer' defined in file [E:\MicroservicesHandsOn\microservices-demo\kafka\kafka-producer\target\classes\com\microservices\demo\kafka\producer\config\service\impl\TwitterKafkaProducer.class]: Unsatisfied dependency expressed through constructor parameter 0; nested exception is org.springframework.beans.factory.BeanCreationException: Error creating bean with name 'kafkaTemplate' defined in class path resource [com/microservices/demo/kafka/producer/config/KafkaProducerConfig.class]: Bean instantiation via factory method failed; nested exception is org.springframework.beans.BeanInstantiationException: Failed to instantiate [org.springframework.kafka.core.KafkaTemplate]: Factory method 'kafkaTemplate' threw exception; nested exception is org.springframework.beans.factory.BeanCreationException: Error creating bean with name 'producerFactory' defined in class path resource [com/microservices/demo/kafka/producer/config/KafkaProducerConfig.class]: Bean instantiation via factory method failed; nested exception is org.springframework.beans.BeanInstantiationException: Failed to instantiate [org.springframework.kafka.core.ProducerFactory]: Factory method 'producerFactory' threw exception; nested exception is java.lang.NullPointerException
	at org.springframework.beans.factory.support.ConstructorResolver.createArgumentArray(ConstructorResolver.java:800)
	at org.springframework.beans.factory.support.ConstructorResolver.autowireConstructor(ConstructorResolver.java:229)
	at org.springframework.beans.factory.support.AbstractAutowireCapableBeanFactory.autowireConstructor(AbstractAutowireCapableBeanFactory.java:1354)
	at org.springframework.beans.factory.support.AbstractAutowireCapableBeanFactory.createBeanInstance(AbstractAutowireCapableBeanFactory.java:1204)
	at org.springframework.beans.factory.support.AbstractAutowireCapableBeanFactory.doCreateBean(AbstractAutowireCapableBeanFactory.java:564)
	at org.springframework.beans.factory.support.AbstractAutowireCapableBeanFactory.createBean(AbstractAutowireCapableBeanFactory.java:524)
	at org.springframework.beans.factory.support.AbstractBeanFactory.lambda$doGetBean$0(AbstractBeanFactory.java:335)
	at org.springframework.beans.factory.support.DefaultSingletonBeanRegistry.getSingleton(DefaultSingletonBeanRegistry.java:234)
	at org.springframework.beans.factory.support.AbstractBeanFactory.doGetBean(AbstractBeanFactory.java:333)
	at org.springframework.beans.factory.support.AbstractBeanFactory.getBean(AbstractBeanFactory.java:208)
	at org.springframework.beans.factory.config.DependencyDescriptor.resolveCandidate(DependencyDescriptor.java:276)
	at org.springframework.beans.factory.support.DefaultListableBeanFactory.doResolveDependency(DefaultListableBeanFactory.java:1380)
	at org.springframework.beans.factory.support.DefaultListableBeanFactory.resolveDependency(DefaultListableBeanFactory.java:1300)
	at org.springframework.beans.factory.support.ConstructorResolver.resolveAutowiredArgument(ConstructorResolver.java:887)
	at org.springframework.beans.factory.support.ConstructorResolver.createArgumentArray(ConstructorResolver.java:791)
	... 47 common frames omitted
Caused by: org.springframework.beans.factory.BeanCreationException: Error creating bean with name 'kafkaTemplate' defined in class path resource [com/microservices/demo/kafka/producer/config/KafkaProducerConfig.class]: Bean instantiation via factory method failed; nested exception is org.springframework.beans.BeanInstantiationException: Failed to instantiate [org.springframework.kafka.core.KafkaTemplate]: Factory method 'kafkaTemplate' threw exception; nested exception is org.springframework.beans.factory.BeanCreationException: Error creating bean with name 'producerFactory' defined in class path resource [com/microservices/demo/kafka/producer/config/KafkaProducerConfig.class]: Bean instantiation via factory method failed; nested exception is org.springframework.beans.BeanInstantiationException: Failed to instantiate [org.springframework.kafka.core.ProducerFactory]: Factory method 'producerFactory' threw exception; nested exception is java.lang.NullPointerException
	at org.springframework.beans.factory.support.ConstructorResolver.instantiate(ConstructorResolver.java:658)
	at org.springframework.beans.factory.support.ConstructorResolver.instantiateUsingFactoryMethod(ConstructorResolver.java:486)
	at org.springframework.beans.factory.support.AbstractAutowireCapableBeanFactory.instantiateUsingFactoryMethod(AbstractAutowireCapableBeanFactory.java:1334)
	at org.springframework.beans.factory.support.AbstractAutowireCapableBeanFactory.createBeanInstance(AbstractAutowireCapableBeanFactory.java:1177)
	at org.springframework.beans.factory.support.AbstractAutowireCapableBeanFactory.doCreateBean(AbstractAutowireCapableBeanFactory.java:564)
	at org.springframework.beans.factory.support.AbstractAutowireCapableBeanFactory.createBean(AbstractAutowireCapableBeanFactory.java:524)
	at org.springframework.beans.factory.support.AbstractBeanFactory.lambda$doGetBean$0(AbstractBeanFactory.java:335)
	at org.springframework.beans.factory.support.DefaultSingletonBeanRegistry.getSingleton(DefaultSingletonBeanRegistry.java:234)
	at org.springframework.beans.factory.support.AbstractBeanFactory.doGetBean(AbstractBeanFactory.java:333)
	at org.springframework.beans.factory.support.AbstractBeanFactory.getBean(AbstractBeanFactory.java:208)
	at org.springframework.beans.factory.config.DependencyDescriptor.resolveCandidate(DependencyDescriptor.java:276)
	at org.springframework.beans.factory.support.DefaultListableBeanFactory.doResolveDependency(DefaultListableBeanFactory.java:1380)
	at org.springframework.beans.factory.support.DefaultListableBeanFactory.resolveDependency(DefaultListableBeanFactory.java:1300)
	at org.springframework.beans.factory.support.ConstructorResolver.resolveAutowiredArgument(ConstructorResolver.java:887)
	at org.springframework.beans.factory.support.ConstructorResolver.createArgumentArray(ConstructorResolver.java:791)
	... 61 common frames omitted
Caused by: org.springframework.beans.BeanInstantiationException: Failed to instantiate [org.springframework.kafka.core.KafkaTemplate]: Factory method 'kafkaTemplate' threw exception; nested exception is org.springframework.beans.factory.BeanCreationException: Error creating bean with name 'producerFactory' defined in class path resource [com/microservices/demo/kafka/producer/config/KafkaProducerConfig.class]: Bean instantiation via factory method failed; nested exception is org.springframework.beans.BeanInstantiationException: Failed to instantiate [org.springframework.kafka.core.ProducerFactory]: Factory method 'producerFactory' threw exception; nested exception is java.lang.NullPointerException
	at org.springframework.beans.factory.support.SimpleInstantiationStrategy.instantiate(SimpleInstantiationStrategy.java:185)
	at org.springframework.beans.factory.support.ConstructorResolver.instantiate(ConstructorResolver.java:653)
	... 75 common frames omitted
Caused by: org.springframework.beans.factory.BeanCreationException: Error creating bean with name 'producerFactory' defined in class path resource [com/microservices/demo/kafka/producer/config/KafkaProducerConfig.class]: Bean instantiation via factory method failed; nested exception is org.springframework.beans.BeanInstantiationException: Failed to instantiate [org.springframework.kafka.core.ProducerFactory]: Factory method 'producerFactory' threw exception; nested exception is java.lang.NullPointerException
	at org.springframework.beans.factory.support.ConstructorResolver.instantiate(ConstructorResolver.java:658)
	at org.springframework.beans.factory.support.ConstructorResolver.instantiateUsingFactoryMethod(ConstructorResolver.java:486)
	at org.springframework.beans.factory.support.AbstractAutowireCapableBeanFactory.instantiateUsingFactoryMethod(AbstractAutowireCapableBeanFactory.java:1334)
	at org.springframework.beans.factory.support.AbstractAutowireCapableBeanFactory.createBeanInstance(AbstractAutowireCapableBeanFactory.java:1177)
	at org.springframework.beans.factory.support.AbstractAutowireCapableBeanFactory.doCreateBean(AbstractAutowireCapableBeanFactory.java:564)
	at org.springframework.beans.factory.support.AbstractAutowireCapableBeanFactory.createBean(AbstractAutowireCapableBeanFactory.java:524)
	at org.springframework.beans.factory.support.AbstractBeanFactory.lambda$doGetBean$0(AbstractBeanFactory.java:335)
	at org.springframework.beans.factory.support.DefaultSingletonBeanRegistry.getSingleton(DefaultSingletonBeanRegistry.java:234)
	at org.springframework.beans.factory.support.AbstractBeanFactory.doGetBean(AbstractBeanFactory.java:333)
	at org.springframework.beans.factory.support.AbstractBeanFactory.getBean(AbstractBeanFactory.java:208)
	at org.springframework.context.annotation.ConfigurationClassEnhancer$BeanMethodInterceptor.resolveBeanReference(ConfigurationClassEnhancer.java:362)
	at org.springframework.context.annotation.ConfigurationClassEnhancer$BeanMethodInterceptor.intercept(ConfigurationClassEnhancer.java:334)
	at com.microservices.demo.kafka.producer.config.KafkaProducerConfig$$EnhancerBySpringCGLIB$$5960eb7f.producerFactory(<generated>)
	at com.microservices.demo.kafka.producer.config.KafkaProducerConfig.kafkaTemplate(KafkaProducerConfig.java:53)
	at com.microservices.demo.kafka.producer.config.KafkaProducerConfig$$EnhancerBySpringCGLIB$$5960eb7f.CGLIB$kafkaTemplate$1(<generated>)
	at com.microservices.demo.kafka.producer.config.KafkaProducerConfig$$EnhancerBySpringCGLIB$$5960eb7f$$FastClassBySpringCGLIB$$40c7e633.invoke(<generated>)
	at org.springframework.cglib.proxy.MethodProxy.invokeSuper(MethodProxy.java:244)
	at org.springframework.context.annotation.ConfigurationClassEnhancer$BeanMethodInterceptor.intercept(ConfigurationClassEnhancer.java:331)
	at com.microservices.demo.kafka.producer.config.KafkaProducerConfig$$EnhancerBySpringCGLIB$$5960eb7f.kafkaTemplate(<generated>)
	at java.base/jdk.internal.reflect.NativeMethodAccessorImpl.invoke0(Native Method)
	at java.base/jdk.internal.reflect.NativeMethodAccessorImpl.invoke(NativeMethodAccessorImpl.java:62)
	at java.base/jdk.internal.reflect.DelegatingMethodAccessorImpl.invoke(DelegatingMethodAccessorImpl.java:43)
	at java.base/java.lang.reflect.Method.invoke(Method.java:566)
	at org.springframework.beans.factory.support.SimpleInstantiationStrategy.instantiate(SimpleInstantiationStrategy.java:154)
	... 76 common frames omitted
Caused by: org.springframework.beans.BeanInstantiationException: Failed to instantiate [org.springframework.kafka.core.ProducerFactory]: Factory method 'producerFactory' threw exception; nested exception is java.lang.NullPointerException
	at org.springframework.beans.factory.support.SimpleInstantiationStrategy.instantiate(SimpleInstantiationStrategy.java:185)
	at org.springframework.beans.factory.support.ConstructorResolver.instantiate(ConstructorResolver.java:653)
	... 99 common frames omitted
Caused by: java.lang.NullPointerException: null
	at java.base/java.util.concurrent.ConcurrentHashMap.putVal(ConcurrentHashMap.java:1011)
	at java.base/java.util.concurrent.ConcurrentHashMap.putAll(ConcurrentHashMap.java:1089)
	at java.base/java.util.concurrent.ConcurrentHashMap.<init>(ConcurrentHashMap.java:852)
	at org.springframework.kafka.core.DefaultKafkaProducerFactory.<init>(DefaultKafkaProducerFactory.java:196)
	at org.springframework.kafka.core.DefaultKafkaProducerFactory.<init>(DefaultKafkaProducerFactory.java:163)
	at com.microservices.demo.kafka.producer.config.KafkaProducerConfig.producerFactory(KafkaProducerConfig.java:48)
	at com.microservices.demo.kafka.producer.config.KafkaProducerConfig$$EnhancerBySpringCGLIB$$5960eb7f.CGLIB$producerFactory$2(<generated>)
	at com.microservices.demo.kafka.producer.config.KafkaProducerConfig$$EnhancerBySpringCGLIB$$5960eb7f$$FastClassBySpringCGLIB$$40c7e633.invoke(<generated>)
	at org.springframework.cglib.proxy.MethodProxy.invokeSuper(MethodProxy.java:244)
	at org.springframework.context.annotation.ConfigurationClassEnhancer$BeanMethodInterceptor.intercept(ConfigurationClassEnhancer.java:331)
	at com.microservices.demo.kafka.producer.config.KafkaProducerConfig$$EnhancerBySpringCGLIB$$5960eb7f.producerFactory(<generated>)
	at java.base/jdk.internal.reflect.NativeMethodAccessorImpl.invoke0(Native Method)
	at java.base/jdk.internal.reflect.NativeMethodAccessorImpl.invoke(NativeMethodAccessorImpl.java:62)
	at java.base/jdk.internal.reflect.DelegatingMethodAccessorImpl.invoke(DelegatingMethodAccessorImpl.java:43)
	at java.base/java.lang.reflect.Method.invoke(Method.java:566)
	at org.springframework.beans.factory.support.SimpleInstantiationStrategy.instantiate(SimpleInstantiationStrategy.java:154)
	... 100 common frames omitted
2021-08-31 12:40:40 [main] INFO  c.m.d.t.t.k.s.TwitterToKafkaServiceApplication - Starting TwitterToKafkaServiceApplication using Java 11.0.10 on Vishal with PID 244 (E:\MicroservicesHandsOn\microservices-demo\twitter-to-kafka-service\target\classes started by VISHAL in E:\MicroservicesHandsOn\microservices-demo)
2021-08-31 12:40:40 [main] INFO  c.m.d.t.t.k.s.TwitterToKafkaServiceApplication - No active profile set, falling back to default profiles: default
2021-08-31 12:40:45 [main] INFO  o.a.k.c.admin.AdminClientConfig - AdminClientConfig values: 
	bootstrap.servers = [localhost:19092, localhost:29092, localhost:39092]
	client.dns.lookup = use_all_dns_ips
	client.id = 
	connections.max.idle.ms = 300000
	default.api.timeout.ms = 60000
	metadata.max.age.ms = 300000
	metric.reporters = []
	metrics.num.samples = 2
	metrics.recording.level = INFO
	metrics.sample.window.ms = 30000
	receive.buffer.bytes = 65536
	reconnect.backoff.max.ms = 1000
	reconnect.backoff.ms = 50
	request.timeout.ms = 30000
	retries = 2147483647
	retry.backoff.ms = 100
	sasl.client.callback.handler.class = null
	sasl.jaas.config = null
	sasl.kerberos.kinit.cmd = /usr/bin/kinit
	sasl.kerberos.min.time.before.relogin = 60000
	sasl.kerberos.service.name = null
	sasl.kerberos.ticket.renew.jitter = 0.05
	sasl.kerberos.ticket.renew.window.factor = 0.8
	sasl.login.callback.handler.class = null
	sasl.login.class = null
	sasl.login.refresh.buffer.seconds = 300
	sasl.login.refresh.min.period.seconds = 60
	sasl.login.refresh.window.factor = 0.8
	sasl.login.refresh.window.jitter = 0.05
	sasl.mechanism = GSSAPI
	security.protocol = PLAINTEXT
	security.providers = null
	send.buffer.bytes = 131072
	socket.connection.setup.timeout.max.ms = 127000
	socket.connection.setup.timeout.ms = 10000
	ssl.cipher.suites = null
	ssl.enabled.protocols = [TLSv1.2, TLSv1.3]
	ssl.endpoint.identification.algorithm = https
	ssl.engine.factory.class = null
	ssl.key.password = null
	ssl.keymanager.algorithm = SunX509
	ssl.keystore.certificate.chain = null
	ssl.keystore.key = null
	ssl.keystore.location = null
	ssl.keystore.password = null
	ssl.keystore.type = JKS
	ssl.protocol = TLSv1.3
	ssl.provider = null
	ssl.secure.random.implementation = null
	ssl.trustmanager.algorithm = PKIX
	ssl.truststore.certificates = null
	ssl.truststore.location = null
	ssl.truststore.password = null
	ssl.truststore.type = JKS

2021-08-31 12:40:49 [main] INFO  o.a.kafka.common.utils.AppInfoParser - Kafka version: 2.7.1
2021-08-31 12:40:49 [main] INFO  o.a.kafka.common.utils.AppInfoParser - Kafka commitId: 61dbce85d0d41457
2021-08-31 12:40:49 [main] INFO  o.a.kafka.common.utils.AppInfoParser - Kafka startTimeMs: 1630393849835
2021-08-31 12:41:04 [main] INFO  o.s.b.w.e.netty.NettyWebServer - Netty started on port 8080
2021-08-31 12:41:04 [main] INFO  c.m.d.t.t.k.s.TwitterToKafkaServiceApplication - Started TwitterToKafkaServiceApplication in 25.927 seconds (JVM running for 28.646)
2021-08-31 12:41:04 [main] INFO  c.m.d.t.t.k.s.TwitterToKafkaServiceApplication - App starts...
2021-08-31 12:41:04 [main] INFO  c.m.d.k.a.client.KafkaAdminClient - Creating 1 topics(s), attempt {}
2021-08-31 12:41:04 [main] INFO  c.m.d.k.a.client.KafkaAdminClient - Reading kafka topics [twitter-topic], attempts 0
2021-08-31 12:41:38 [main] INFO  o.s.b.a.l.ConditionEvaluationReportLoggingListener - 

Error starting ApplicationContext. To display the conditions report re-run your application with 'debug' enabled.
2021-08-31 12:41:38 [main] ERROR o.s.boot.SpringApplication - Application run failed
java.lang.IllegalStateException: Failed to execute CommandLineRunner
	at org.springframework.boot.SpringApplication.callRunner(SpringApplication.java:794)
	at org.springframework.boot.SpringApplication.callRunners(SpringApplication.java:775)
	at org.springframework.boot.SpringApplication.run(SpringApplication.java:345)
	at org.springframework.boot.SpringApplication.run(SpringApplication.java:1343)
	at org.springframework.boot.SpringApplication.run(SpringApplication.java:1332)
	at com.microservices.demo.twitter.to.kafka.service.TwitterToKafkaServiceApplication.main(TwitterToKafkaServiceApplication.java:28)
Caused by: com.microservices.demo.kafka.admin.exception.KafkaClientException: Reached max number of retry for reading kafka topics!!
	at com.microservices.demo.kafka.admin.client.KafkaAdminClient.checkMaxRetry(KafkaAdminClient.java:120)
	at com.microservices.demo.kafka.admin.client.KafkaAdminClient.checkSchemaRegistry(KafkaAdminClient.java:91)
	at com.microservices.demo.twitter.to.kafka.service.init.impl.KafkaStreamInitializer.init(KafkaStreamInitializer.java:26)
	at com.microservices.demo.twitter.to.kafka.service.TwitterToKafkaServiceApplication.run(TwitterToKafkaServiceApplication.java:34)
	at org.springframework.boot.SpringApplication.callRunner(SpringApplication.java:791)
	... 5 common frames omitted
2021-08-31 12:41:38 [kafka-admin-client-thread | adminclient-1] INFO  o.a.kafka.common.utils.AppInfoParser - App info kafka.admin.client for adminclient-1 unregistered
2021-08-31 12:41:38 [kafka-admin-client-thread | adminclient-1] INFO  o.a.kafka.common.metrics.Metrics - Metrics scheduler closed
2021-08-31 12:41:38 [kafka-admin-client-thread | adminclient-1] INFO  o.a.kafka.common.metrics.Metrics - Closing reporter org.apache.kafka.common.metrics.JmxReporter
2021-08-31 12:41:38 [kafka-admin-client-thread | adminclient-1] INFO  o.a.kafka.common.metrics.Metrics - Metrics reporters closed
2021-08-31 12:41:38 [main] INFO  c.m.d.k.p.c.s.i.TwitterKafkaProducer - Closing kafka producer!
2021-08-31 12:51:54 [main] INFO  c.m.d.t.t.k.s.TwitterToKafkaServiceApplication - Starting TwitterToKafkaServiceApplication using Java 11.0.10 on Vishal with PID 6480 (E:\MicroservicesHandsOn\microservices-demo\twitter-to-kafka-service\target\classes started by VISHAL in E:\MicroservicesHandsOn\microservices-demo)
2021-08-31 12:51:54 [main] INFO  c.m.d.t.t.k.s.TwitterToKafkaServiceApplication - No active profile set, falling back to default profiles: default
2021-08-31 12:51:58 [main] INFO  o.a.k.c.admin.AdminClientConfig - AdminClientConfig values: 
	bootstrap.servers = [localhost:19092, localhost:29092, localhost:39092]
	client.dns.lookup = use_all_dns_ips
	client.id = 
	connections.max.idle.ms = 300000
	default.api.timeout.ms = 60000
	metadata.max.age.ms = 300000
	metric.reporters = []
	metrics.num.samples = 2
	metrics.recording.level = INFO
	metrics.sample.window.ms = 30000
	receive.buffer.bytes = 65536
	reconnect.backoff.max.ms = 1000
	reconnect.backoff.ms = 50
	request.timeout.ms = 30000
	retries = 2147483647
	retry.backoff.ms = 100
	sasl.client.callback.handler.class = null
	sasl.jaas.config = null
	sasl.kerberos.kinit.cmd = /usr/bin/kinit
	sasl.kerberos.min.time.before.relogin = 60000
	sasl.kerberos.service.name = null
	sasl.kerberos.ticket.renew.jitter = 0.05
	sasl.kerberos.ticket.renew.window.factor = 0.8
	sasl.login.callback.handler.class = null
	sasl.login.class = null
	sasl.login.refresh.buffer.seconds = 300
	sasl.login.refresh.min.period.seconds = 60
	sasl.login.refresh.window.factor = 0.8
	sasl.login.refresh.window.jitter = 0.05
	sasl.mechanism = GSSAPI
	security.protocol = PLAINTEXT
	security.providers = null
	send.buffer.bytes = 131072
	socket.connection.setup.timeout.max.ms = 127000
	socket.connection.setup.timeout.ms = 10000
	ssl.cipher.suites = null
	ssl.enabled.protocols = [TLSv1.2, TLSv1.3]
	ssl.endpoint.identification.algorithm = https
	ssl.engine.factory.class = null
	ssl.key.password = null
	ssl.keymanager.algorithm = SunX509
	ssl.keystore.certificate.chain = null
	ssl.keystore.key = null
	ssl.keystore.location = null
	ssl.keystore.password = null
	ssl.keystore.type = JKS
	ssl.protocol = TLSv1.3
	ssl.provider = null
	ssl.secure.random.implementation = null
	ssl.trustmanager.algorithm = PKIX
	ssl.truststore.certificates = null
	ssl.truststore.location = null
	ssl.truststore.password = null
	ssl.truststore.type = JKS

2021-08-31 12:52:00 [main] INFO  o.a.kafka.common.utils.AppInfoParser - Kafka version: 2.7.1
2021-08-31 12:52:00 [main] INFO  o.a.kafka.common.utils.AppInfoParser - Kafka commitId: 61dbce85d0d41457
2021-08-31 12:52:00 [main] INFO  o.a.kafka.common.utils.AppInfoParser - Kafka startTimeMs: 1630394520236
2021-08-31 12:52:04 [main] INFO  o.s.b.w.e.netty.NettyWebServer - Netty started on port 8080
2021-08-31 12:52:04 [main] INFO  c.m.d.t.t.k.s.TwitterToKafkaServiceApplication - Started TwitterToKafkaServiceApplication in 11.979 seconds (JVM running for 14.407)
2021-08-31 12:52:04 [main] INFO  c.m.d.t.t.k.s.TwitterToKafkaServiceApplication - App starts...
2021-08-31 12:52:04 [main] INFO  c.m.d.k.a.client.KafkaAdminClient - Creating 1 topics(s), attempt {}
2021-08-31 12:52:04 [main] INFO  c.m.d.k.a.client.KafkaAdminClient - Reading kafka topics [twitter-topic], attempts 0
2021-08-31 12:52:28 [main] INFO  o.s.b.a.l.ConditionEvaluationReportLoggingListener - 

Error starting ApplicationContext. To display the conditions report re-run your application with 'debug' enabled.
2021-08-31 12:52:28 [main] ERROR o.s.boot.SpringApplication - Application run failed
java.lang.IllegalStateException: Failed to execute CommandLineRunner
	at org.springframework.boot.SpringApplication.callRunner(SpringApplication.java:794)
	at org.springframework.boot.SpringApplication.callRunners(SpringApplication.java:775)
	at org.springframework.boot.SpringApplication.run(SpringApplication.java:345)
	at org.springframework.boot.SpringApplication.run(SpringApplication.java:1343)
	at org.springframework.boot.SpringApplication.run(SpringApplication.java:1332)
	at com.microservices.demo.twitter.to.kafka.service.TwitterToKafkaServiceApplication.main(TwitterToKafkaServiceApplication.java:28)
Caused by: com.microservices.demo.kafka.admin.exception.KafkaClientException: Reached max number of retry for reading kafka topics!!
	at com.microservices.demo.kafka.admin.client.KafkaAdminClient.checkMaxRetry(KafkaAdminClient.java:120)
	at com.microservices.demo.kafka.admin.client.KafkaAdminClient.checkSchemaRegistry(KafkaAdminClient.java:91)
	at com.microservices.demo.twitter.to.kafka.service.init.impl.KafkaStreamInitializer.init(KafkaStreamInitializer.java:26)
	at com.microservices.demo.twitter.to.kafka.service.TwitterToKafkaServiceApplication.run(TwitterToKafkaServiceApplication.java:34)
	at org.springframework.boot.SpringApplication.callRunner(SpringApplication.java:791)
	... 5 common frames omitted
2021-08-31 12:52:28 [kafka-admin-client-thread | adminclient-1] INFO  o.a.kafka.common.utils.AppInfoParser - App info kafka.admin.client for adminclient-1 unregistered
2021-08-31 12:52:28 [kafka-admin-client-thread | adminclient-1] INFO  o.a.kafka.common.metrics.Metrics - Metrics scheduler closed
2021-08-31 12:52:28 [kafka-admin-client-thread | adminclient-1] INFO  o.a.kafka.common.metrics.Metrics - Closing reporter org.apache.kafka.common.metrics.JmxReporter
2021-08-31 12:52:28 [kafka-admin-client-thread | adminclient-1] INFO  o.a.kafka.common.metrics.Metrics - Metrics reporters closed
2021-08-31 12:52:28 [main] INFO  c.m.d.k.p.c.s.i.TwitterKafkaProducer - Closing kafka producer!
2021-08-31 13:13:28 [main] INFO  c.m.d.t.t.k.s.TwitterToKafkaServiceApplication - Starting TwitterToKafkaServiceApplication using Java 11.0.10 on Vishal with PID 2072 (E:\MicroservicesHandsOn\microservices-demo\twitter-to-kafka-service\target\classes started by VISHAL in E:\MicroservicesHandsOn\microservices-demo)
2021-08-31 13:13:28 [main] INFO  c.m.d.t.t.k.s.TwitterToKafkaServiceApplication - No active profile set, falling back to default profiles: default
2021-08-31 13:13:34 [main] INFO  o.a.k.c.admin.AdminClientConfig - AdminClientConfig values: 
	bootstrap.servers = [localhost:19092, localhost:29092, localhost:39092]
	client.dns.lookup = use_all_dns_ips
	client.id = 
	connections.max.idle.ms = 300000
	default.api.timeout.ms = 60000
	metadata.max.age.ms = 300000
	metric.reporters = []
	metrics.num.samples = 2
	metrics.recording.level = INFO
	metrics.sample.window.ms = 30000
	receive.buffer.bytes = 65536
	reconnect.backoff.max.ms = 1000
	reconnect.backoff.ms = 50
	request.timeout.ms = 30000
	retries = 2147483647
	retry.backoff.ms = 100
	sasl.client.callback.handler.class = null
	sasl.jaas.config = null
	sasl.kerberos.kinit.cmd = /usr/bin/kinit
	sasl.kerberos.min.time.before.relogin = 60000
	sasl.kerberos.service.name = null
	sasl.kerberos.ticket.renew.jitter = 0.05
	sasl.kerberos.ticket.renew.window.factor = 0.8
	sasl.login.callback.handler.class = null
	sasl.login.class = null
	sasl.login.refresh.buffer.seconds = 300
	sasl.login.refresh.min.period.seconds = 60
	sasl.login.refresh.window.factor = 0.8
	sasl.login.refresh.window.jitter = 0.05
	sasl.mechanism = GSSAPI
	security.protocol = PLAINTEXT
	security.providers = null
	send.buffer.bytes = 131072
	socket.connection.setup.timeout.max.ms = 127000
	socket.connection.setup.timeout.ms = 10000
	ssl.cipher.suites = null
	ssl.enabled.protocols = [TLSv1.2, TLSv1.3]
	ssl.endpoint.identification.algorithm = https
	ssl.engine.factory.class = null
	ssl.key.password = null
	ssl.keymanager.algorithm = SunX509
	ssl.keystore.certificate.chain = null
	ssl.keystore.key = null
	ssl.keystore.location = null
	ssl.keystore.password = null
	ssl.keystore.type = JKS
	ssl.protocol = TLSv1.3
	ssl.provider = null
	ssl.secure.random.implementation = null
	ssl.trustmanager.algorithm = PKIX
	ssl.truststore.certificates = null
	ssl.truststore.location = null
	ssl.truststore.password = null
	ssl.truststore.type = JKS

2021-08-31 13:13:36 [main] INFO  o.a.kafka.common.utils.AppInfoParser - Kafka version: 2.7.1
2021-08-31 13:13:36 [main] INFO  o.a.kafka.common.utils.AppInfoParser - Kafka commitId: 61dbce85d0d41457
2021-08-31 13:13:36 [main] INFO  o.a.kafka.common.utils.AppInfoParser - Kafka startTimeMs: 1630395816439
2021-08-31 13:13:43 [main] INFO  o.s.b.w.e.netty.NettyWebServer - Netty started on port 8080
2021-08-31 13:13:43 [main] INFO  c.m.d.t.t.k.s.TwitterToKafkaServiceApplication - Started TwitterToKafkaServiceApplication in 18.54 seconds (JVM running for 22.68)
2021-08-31 13:13:43 [main] INFO  c.m.d.t.t.k.s.TwitterToKafkaServiceApplication - App starts...
2021-08-31 13:13:43 [main] INFO  c.m.d.k.a.client.KafkaAdminClient - Creating 1 topics(s), attempt 0
2021-08-31 13:13:43 [main] INFO  c.m.d.k.a.client.KafkaAdminClient - Reading kafka topics [twitter-topic], attempts 0
2021-08-31 13:14:08 [main] INFO  o.s.b.a.l.ConditionEvaluationReportLoggingListener - 

Error starting ApplicationContext. To display the conditions report re-run your application with 'debug' enabled.
2021-08-31 13:14:08 [main] ERROR o.s.boot.SpringApplication - Application run failed
java.lang.IllegalStateException: Failed to execute CommandLineRunner
	at org.springframework.boot.SpringApplication.callRunner(SpringApplication.java:794)
	at org.springframework.boot.SpringApplication.callRunners(SpringApplication.java:775)
	at org.springframework.boot.SpringApplication.run(SpringApplication.java:345)
	at org.springframework.boot.SpringApplication.run(SpringApplication.java:1343)
	at org.springframework.boot.SpringApplication.run(SpringApplication.java:1332)
	at com.microservices.demo.twitter.to.kafka.service.TwitterToKafkaServiceApplication.main(TwitterToKafkaServiceApplication.java:28)
Caused by: com.microservices.demo.kafka.admin.exception.KafkaClientException: Reached max number of retry for reading kafka topics!!
	at com.microservices.demo.kafka.admin.client.KafkaAdminClient.checkMaxRetry(KafkaAdminClient.java:124)
	at com.microservices.demo.kafka.admin.client.KafkaAdminClient.checkSchemaRegistry(KafkaAdminClient.java:91)
	at com.microservices.demo.twitter.to.kafka.service.init.impl.KafkaStreamInitializer.init(KafkaStreamInitializer.java:26)
	at com.microservices.demo.twitter.to.kafka.service.TwitterToKafkaServiceApplication.run(TwitterToKafkaServiceApplication.java:34)
	at org.springframework.boot.SpringApplication.callRunner(SpringApplication.java:791)
	... 5 common frames omitted
2021-08-31 13:14:08 [kafka-admin-client-thread | adminclient-1] INFO  o.a.kafka.common.utils.AppInfoParser - App info kafka.admin.client for adminclient-1 unregistered
2021-08-31 13:14:08 [kafka-admin-client-thread | adminclient-1] INFO  o.a.kafka.common.metrics.Metrics - Metrics scheduler closed
2021-08-31 13:14:08 [kafka-admin-client-thread | adminclient-1] INFO  o.a.kafka.common.metrics.Metrics - Closing reporter org.apache.kafka.common.metrics.JmxReporter
2021-08-31 13:14:08 [kafka-admin-client-thread | adminclient-1] INFO  o.a.kafka.common.metrics.Metrics - Metrics reporters closed
2021-08-31 13:14:08 [main] INFO  c.m.d.k.p.c.s.i.TwitterKafkaProducer - Closing kafka producer!
2021-08-31 13:17:39 [main] INFO  c.m.d.t.t.k.s.TwitterToKafkaServiceApplication - Starting TwitterToKafkaServiceApplication using Java 11.0.10 on Vishal with PID 9400 (E:\MicroservicesHandsOn\microservices-demo\twitter-to-kafka-service\target\classes started by VISHAL in E:\MicroservicesHandsOn\microservices-demo)
2021-08-31 13:17:39 [main] INFO  c.m.d.t.t.k.s.TwitterToKafkaServiceApplication - No active profile set, falling back to default profiles: default
2021-08-31 13:17:44 [main] INFO  o.a.k.c.admin.AdminClientConfig - AdminClientConfig values: 
	bootstrap.servers = [localhost:19092, localhost:29092, localhost:39092]
	client.dns.lookup = use_all_dns_ips
	client.id = 
	connections.max.idle.ms = 300000
	default.api.timeout.ms = 60000
	metadata.max.age.ms = 300000
	metric.reporters = []
	metrics.num.samples = 2
	metrics.recording.level = INFO
	metrics.sample.window.ms = 30000
	receive.buffer.bytes = 65536
	reconnect.backoff.max.ms = 1000
	reconnect.backoff.ms = 50
	request.timeout.ms = 30000
	retries = 2147483647
	retry.backoff.ms = 100
	sasl.client.callback.handler.class = null
	sasl.jaas.config = null
	sasl.kerberos.kinit.cmd = /usr/bin/kinit
	sasl.kerberos.min.time.before.relogin = 60000
	sasl.kerberos.service.name = null
	sasl.kerberos.ticket.renew.jitter = 0.05
	sasl.kerberos.ticket.renew.window.factor = 0.8
	sasl.login.callback.handler.class = null
	sasl.login.class = null
	sasl.login.refresh.buffer.seconds = 300
	sasl.login.refresh.min.period.seconds = 60
	sasl.login.refresh.window.factor = 0.8
	sasl.login.refresh.window.jitter = 0.05
	sasl.mechanism = GSSAPI
	security.protocol = PLAINTEXT
	security.providers = null
	send.buffer.bytes = 131072
	socket.connection.setup.timeout.max.ms = 127000
	socket.connection.setup.timeout.ms = 10000
	ssl.cipher.suites = null
	ssl.enabled.protocols = [TLSv1.2, TLSv1.3]
	ssl.endpoint.identification.algorithm = https
	ssl.engine.factory.class = null
	ssl.key.password = null
	ssl.keymanager.algorithm = SunX509
	ssl.keystore.certificate.chain = null
	ssl.keystore.key = null
	ssl.keystore.location = null
	ssl.keystore.password = null
	ssl.keystore.type = JKS
	ssl.protocol = TLSv1.3
	ssl.provider = null
	ssl.secure.random.implementation = null
	ssl.trustmanager.algorithm = PKIX
	ssl.truststore.certificates = null
	ssl.truststore.location = null
	ssl.truststore.password = null
	ssl.truststore.type = JKS

2021-08-31 13:17:45 [main] INFO  o.a.kafka.common.utils.AppInfoParser - Kafka version: 2.7.1
2021-08-31 13:17:45 [main] INFO  o.a.kafka.common.utils.AppInfoParser - Kafka commitId: 61dbce85d0d41457
2021-08-31 13:17:45 [main] INFO  o.a.kafka.common.utils.AppInfoParser - Kafka startTimeMs: 1630396065639
2021-08-31 13:17:49 [main] INFO  o.s.b.w.e.netty.NettyWebServer - Netty started on port 8080
2021-08-31 13:17:49 [main] INFO  c.m.d.t.t.k.s.TwitterToKafkaServiceApplication - Started TwitterToKafkaServiceApplication in 11.855 seconds (JVM running for 14.196)
2021-08-31 13:17:49 [main] INFO  c.m.d.t.t.k.s.TwitterToKafkaServiceApplication - App starts...
2021-08-31 13:17:49 [main] INFO  c.m.d.k.a.client.KafkaAdminClient - Creating 1 topics(s), attempt 0
2021-08-31 13:17:49 [main] INFO  c.m.d.k.a.client.KafkaAdminClient - Reading kafka topics [twitter-topic], attempts 0
2021-08-31 13:17:53 [main] INFO  c.m.d.k.a.client.KafkaAdminClient - Exception response from schema registry
2021-08-31 13:17:57 [main] INFO  c.m.d.k.a.client.KafkaAdminClient - Exception response from schema registry
2021-08-31 13:18:03 [main] INFO  c.m.d.k.a.client.KafkaAdminClient - Exception response from schema registry
2021-08-31 13:18:13 [main] INFO  c.m.d.k.a.client.KafkaAdminClient - Exception response from schema registry
2021-08-31 13:18:13 [main] INFO  o.s.b.a.l.ConditionEvaluationReportLoggingListener - 

Error starting ApplicationContext. To display the conditions report re-run your application with 'debug' enabled.
2021-08-31 13:18:13 [main] ERROR o.s.boot.SpringApplication - Application run failed
java.lang.IllegalStateException: Failed to execute CommandLineRunner
	at org.springframework.boot.SpringApplication.callRunner(SpringApplication.java:794)
	at org.springframework.boot.SpringApplication.callRunners(SpringApplication.java:775)
	at org.springframework.boot.SpringApplication.run(SpringApplication.java:345)
	at org.springframework.boot.SpringApplication.run(SpringApplication.java:1343)
	at org.springframework.boot.SpringApplication.run(SpringApplication.java:1332)
	at com.microservices.demo.twitter.to.kafka.service.TwitterToKafkaServiceApplication.main(TwitterToKafkaServiceApplication.java:28)
Caused by: com.microservices.demo.kafka.admin.exception.KafkaClientException: Reached max number of retry for reading kafka topics!!
	at com.microservices.demo.kafka.admin.client.KafkaAdminClient.checkMaxRetry(KafkaAdminClient.java:127)
	at com.microservices.demo.kafka.admin.client.KafkaAdminClient.checkSchemaRegistry(KafkaAdminClient.java:91)
	at com.microservices.demo.twitter.to.kafka.service.init.impl.KafkaStreamInitializer.init(KafkaStreamInitializer.java:26)
	at com.microservices.demo.twitter.to.kafka.service.TwitterToKafkaServiceApplication.run(TwitterToKafkaServiceApplication.java:34)
	at org.springframework.boot.SpringApplication.callRunner(SpringApplication.java:791)
	... 5 common frames omitted
2021-08-31 13:18:13 [kafka-admin-client-thread | adminclient-1] INFO  o.a.kafka.common.utils.AppInfoParser - App info kafka.admin.client for adminclient-1 unregistered
2021-08-31 13:18:13 [kafka-admin-client-thread | adminclient-1] INFO  o.a.kafka.common.metrics.Metrics - Metrics scheduler closed
2021-08-31 13:18:13 [kafka-admin-client-thread | adminclient-1] INFO  o.a.kafka.common.metrics.Metrics - Closing reporter org.apache.kafka.common.metrics.JmxReporter
2021-08-31 13:18:13 [kafka-admin-client-thread | adminclient-1] INFO  o.a.kafka.common.metrics.Metrics - Metrics reporters closed
2021-08-31 13:18:13 [main] INFO  c.m.d.k.p.c.s.i.TwitterKafkaProducer - Closing kafka producer!
2021-08-31 13:26:23 [main] INFO  c.m.d.t.t.k.s.TwitterToKafkaServiceApplication - Starting TwitterToKafkaServiceApplication using Java 11.0.10 on Vishal with PID 3764 (E:\MicroservicesHandsOn\microservices-demo\twitter-to-kafka-service\target\classes started by VISHAL in E:\MicroservicesHandsOn\microservices-demo)
2021-08-31 13:26:23 [main] INFO  c.m.d.t.t.k.s.TwitterToKafkaServiceApplication - No active profile set, falling back to default profiles: default
2021-08-31 13:26:45 [main] INFO  o.a.k.c.admin.AdminClientConfig - AdminClientConfig values: 
	bootstrap.servers = [localhost:19092, localhost:29092, localhost:39092]
	client.dns.lookup = use_all_dns_ips
	client.id = 
	connections.max.idle.ms = 300000
	default.api.timeout.ms = 60000
	metadata.max.age.ms = 300000
	metric.reporters = []
	metrics.num.samples = 2
	metrics.recording.level = INFO
	metrics.sample.window.ms = 30000
	receive.buffer.bytes = 65536
	reconnect.backoff.max.ms = 1000
	reconnect.backoff.ms = 50
	request.timeout.ms = 30000
	retries = 2147483647
	retry.backoff.ms = 100
	sasl.client.callback.handler.class = null
	sasl.jaas.config = null
	sasl.kerberos.kinit.cmd = /usr/bin/kinit
	sasl.kerberos.min.time.before.relogin = 60000
	sasl.kerberos.service.name = null
	sasl.kerberos.ticket.renew.jitter = 0.05
	sasl.kerberos.ticket.renew.window.factor = 0.8
	sasl.login.callback.handler.class = null
	sasl.login.class = null
	sasl.login.refresh.buffer.seconds = 300
	sasl.login.refresh.min.period.seconds = 60
	sasl.login.refresh.window.factor = 0.8
	sasl.login.refresh.window.jitter = 0.05
	sasl.mechanism = GSSAPI
	security.protocol = PLAINTEXT
	security.providers = null
	send.buffer.bytes = 131072
	socket.connection.setup.timeout.max.ms = 127000
	socket.connection.setup.timeout.ms = 10000
	ssl.cipher.suites = null
	ssl.enabled.protocols = [TLSv1.2, TLSv1.3]
	ssl.endpoint.identification.algorithm = https
	ssl.engine.factory.class = null
	ssl.key.password = null
	ssl.keymanager.algorithm = SunX509
	ssl.keystore.certificate.chain = null
	ssl.keystore.key = null
	ssl.keystore.location = null
	ssl.keystore.password = null
	ssl.keystore.type = JKS
	ssl.protocol = TLSv1.3
	ssl.provider = null
	ssl.secure.random.implementation = null
	ssl.trustmanager.algorithm = PKIX
	ssl.truststore.certificates = null
	ssl.truststore.location = null
	ssl.truststore.password = null
	ssl.truststore.type = JKS

2021-08-31 13:26:48 [main] INFO  o.a.kafka.common.utils.AppInfoParser - Kafka version: 2.7.1
2021-08-31 13:26:48 [main] INFO  o.a.kafka.common.utils.AppInfoParser - Kafka commitId: 61dbce85d0d41457
2021-08-31 13:26:48 [main] INFO  o.a.kafka.common.utils.AppInfoParser - Kafka startTimeMs: 1630396608811
2021-08-31 13:26:57 [main] INFO  o.s.b.w.e.netty.NettyWebServer - Netty started on port 8080
2021-08-31 13:26:57 [main] INFO  c.m.d.t.t.k.s.TwitterToKafkaServiceApplication - Started TwitterToKafkaServiceApplication in 46.071 seconds (JVM running for 62.327)
2021-08-31 13:26:57 [main] INFO  c.m.d.t.t.k.s.TwitterToKafkaServiceApplication - App starts...
2021-08-31 13:26:57 [main] INFO  c.m.d.k.a.client.KafkaAdminClient - Creating 1 topics(s), attempt 0
2021-08-31 13:26:57 [main] INFO  c.m.d.k.a.client.KafkaAdminClient - Reading kafka topics [twitter-topic], attempts 0
2021-08-31 13:27:01 [reactor-http-nio-3] INFO  c.m.d.k.a.client.KafkaAdminClient - Successful response from schema registry
2021-08-31 13:27:01 [main] INFO  c.m.d.t.t.k.s.i.i.KafkaStreamInitializer - Topics with name twitter-topic is ready for operations!
2021-08-31 13:27:01 [main] INFO  c.m.d.t.t.k.s.r.i.TwitterKafkaStreamRunner - Started filtering twitter stream for keywords [Java, Microservices, Spring, Kafka, Elasticsearch]
2021-08-31 13:27:01 [Twitter Stream consumer /  [1][initializing]] INFO  twitter4j.TwitterStreamImpl - Establishing connection.
2021-08-31 13:27:07 [Twitter Stream consumer /  [1][Establishing connection]] INFO  twitter4j.TwitterStreamImpl - Connection established.
2021-08-31 13:27:07 [Twitter Stream consumer /  [1][Establishing connection]] INFO  twitter4j.TwitterStreamImpl - Receiving status stream.
2021-08-31 13:27:07 [Twitter4J Async Dispatcher[0]] INFO  c.m.d.t.t.k.s.l.TwitterKafkaStatusListener - Received status text A damp spring ahead favours flood risks over bushfires https://t.co/ndlc0IJ4iB sending to kafka topic twitter-topic
2021-08-31 13:27:07 [Twitter4J Async Dispatcher[0]] INFO  c.m.d.t.t.k.s.l.TwitterKafkaStatusListener - Received status text @mikegalsworthy @dommyboy79 @Chairmanbenr @DiGada1 It was not really about spring onions, of course. Embery was trying to make a broader political point. sending to kafka topic twitter-topic
2021-08-31 13:27:10 [Twitter4J Async Dispatcher[0]] INFO  c.m.d.t.t.k.s.l.TwitterKafkaStatusListener - Received status text RT @SSnackrack: Good morning from @SSnackrack .
We are here to save you the hustle so You can get yourself a dozen of our Ready to fry fres sending to kafka topic twitter-topic
2021-08-31 13:27:12 [Twitter4J Async Dispatcher[0]] INFO  c.m.d.t.t.k.s.l.TwitterKafkaStatusListener - Received status text Nearsure: Sr Java & Groovy Engineer
Apply here: https://t.co/DGhISgqkPC
#remotework #remotejobs sending to kafka topic twitter-topic
2021-08-31 13:27:14 [Twitter4J Async Dispatcher[0]] INFO  c.m.d.t.t.k.s.l.TwitterKafkaStatusListener - Received status text RT @strialts: a protective kacchan comic for once since canon has been feeding me lol 
anyways no other time for Indepth Conversations Abo sending to kafka topic twitter-topic
2021-08-31 13:27:14 [Twitter4J Async Dispatcher[0]] INFO  c.m.d.t.t.k.s.l.TwitterKafkaStatusListener - Received status text RT @SSnackrack: Good morning from @SSnackrack .
We are here to save you the hustle so You can get yourself a dozen of our Ready to fry fres sending to kafka topic twitter-topic
2021-08-31 13:27:14 [Twitter4J Async Dispatcher[0]] INFO  c.m.d.t.t.k.s.l.TwitterKafkaStatusListener - Received status text RT @mankai_movie: 




MANKAI MOVIEA3!
SPRING & SUMMER



MANKAI
 sending to kafka topic twitter-topic
2021-08-31 13:27:16 [Twitter4J Async Dispatcher[0]] INFO  c.m.d.t.t.k.s.l.TwitterKafkaStatusListener - Received status text RT @magnomiche: Buongiorno

I genitori che si aspettano gratitudine dai figli (c' persino chi la pretende) sono come usurai: rischiano vol sending to kafka topic twitter-topic
2021-08-31 13:27:17 [Twitter4J Async Dispatcher[0]] INFO  c.m.d.t.t.k.s.l.TwitterKafkaStatusListener - Received status text RT @soniamugabo: Feminine, timeless pieces. | Redefining Self Spring 22 
 
Photographer: #carminandahiro
Models: @patriakhaleesi, #chispak sending to kafka topic twitter-topic
2021-08-31 13:27:18 [Twitter4J Async Dispatcher[0]] INFO  c.m.d.t.t.k.s.l.TwitterKafkaStatusListener - Received status text wtf? sending to kafka topic twitter-topic
2021-08-31 13:27:19 [Twitter4J Async Dispatcher[0]] INFO  c.m.d.t.t.k.s.l.TwitterKafkaStatusListener - Received status text RT @jnrDevCareers: Role: Junior Developer
Location: Ipswich
Link:  https://t.co/GodOloaodj
#job #softwareengineer #softwaredeveloper #jobs sending to kafka topic twitter-topic
2021-08-31 13:27:21 [Twitter4J Async Dispatcher[0]] INFO  c.m.d.t.t.k.s.l.TwitterKafkaStatusListener - Received status text #ASEAN_StandForDemocracy
#Aug31Coup 
#WhatsHappeningInMyanmar https://t.co/T7jEhFH5jz sending to kafka topic twitter-topic
2021-08-31 13:27:22 [Twitter4J Async Dispatcher[0]] INFO  c.m.d.t.t.k.s.l.TwitterKafkaStatusListener - Received status text #Primrose Are Early #Spring #Flowers! #flower #flowerpower #garden https://t.co/2bZWDMCFmM sending to kafka topic twitter-topic
2021-08-31 13:27:23 [Twitter4J Async Dispatcher[0]] INFO  c.m.d.t.t.k.s.l.TwitterKafkaStatusListener - Received status text RT @ScarletBlossom_: -Spring-
.
Drawing inspired by The View 
.
@Stray_Kids 
#StrayKids #Straykidsfanart #fanart #HYUNJIN # # # sending to kafka topic twitter-topic
2021-08-31 13:27:24 [Twitter4J Async Dispatcher[0]] INFO  c.m.d.t.t.k.s.l.TwitterKafkaStatusListener - Received status text #ASEAN_StandForDemocracy
#Aug31Coup 
#WhatsHappeningInMyanmar https://t.co/kA6gXbazOy sending to kafka topic twitter-topic
2021-08-31 13:27:24 [Twitter4J Async Dispatcher[0]] INFO  c.m.d.t.t.k.s.l.TwitterKafkaStatusListener - Received status text Hi @ScottMorrisonMP. I send you a cartoon picturing of you. Im an Indonesian artworker based in Surabaya, East Java trying to survive in this pandemic. If you like and willing to donate me, Please DM me. Any responses are appreciated. https://t.co/SKLO6iNLyd sending to kafka topic twitter-topic
2021-08-31 13:27:25 [Twitter4J Async Dispatcher[0]] INFO  c.m.d.t.t.k.s.l.TwitterKafkaStatusListener - Received status text @omosesange @starfess Banyak, film out, let go, for you, butterfly, 2!3!, Whalien 52, magic shop, spring day, answer love my self, life goes on, sending to kafka topic twitter-topic
2021-08-31 13:27:26 [Twitter4J Async Dispatcher[0]] INFO  c.m.d.t.t.k.s.l.TwitterKafkaStatusListener - Received status text RT @PoliticsForAlI:  | NEW: Following the Afghan crisis, Dominic Raab has about as much chance of being in a top four position (great off sending to kafka topic twitter-topic
2021-08-31 13:27:27 [Twitter4J Async Dispatcher[0]] INFO  c.m.d.t.t.k.s.l.TwitterKafkaStatusListener - Received status text But do the deflate SPRING BREAK Sarah Sanders follow them. Just change my Hillary Clinton like that. https://t.co/cjRuOvRSEU sending to kafka topic twitter-topic
2021-08-31 13:27:27 [Twitter4J Async Dispatcher[0]] INFO  c.m.d.t.t.k.s.l.TwitterKafkaStatusListener - Received status text RT @GRL_official: 2021 Spring&Summer
46


https://t.co/A3LnEkJSPU

# # #46 #GRL # https://t.co/5l3BDP sending to kafka topic twitter-topic
2021-08-31 13:27:30 [Twitter4J Async Dispatcher[0]] INFO  c.m.d.t.t.k.s.l.TwitterKafkaStatusListener - Received status text Yesterday, I attended the 2nd round of the interview.

It was good. The interviewer asked questions on Java 8, Java Collection Framework, and SQL. We discussed about the topics I wasnt aware of and he was very friendly.

A great experience. sending to kafka topic twitter-topic
2021-08-31 13:27:30 [Twitter4J Async Dispatcher[0]] INFO  c.m.d.t.t.k.s.l.TwitterKafkaStatusListener - Received status text  Our Most Active Wins A Spring Halo 2020  

   Follow me + @luvhmaria w/ bell
  Like and retweet 
  Interact With Both Our Tweets (like, reply, rt)

  extras in thread    

  layout by @.ariixsu   sending to kafka topic twitter-topic
2021-08-31 13:27:32 [Twitter4J Async Dispatcher[0]] INFO  c.m.d.t.t.k.s.l.TwitterKafkaStatusListener - Received status text RT @Azad_Cihan_: Taa bir ivi akmakla grevlendirilmiim sanki ama ivi de benim ii de benim...

Franz Kafka sending to kafka topic twitter-topic
2021-08-31 13:27:33 [Twitter4J Async Dispatcher[0]] INFO  c.m.d.t.t.k.s.l.TwitterKafkaStatusListener - Received status text Spring Revolution is written with People's blood.
#ASEAN_StandForDemocracy
#Aug31Coup 
#WhatsHappeningInMyanmar sending to kafka topic twitter-topic
2021-08-31 13:27:33 [Twitter4J Async Dispatcher[0]] INFO  c.m.d.t.t.k.s.l.TwitterKafkaStatusListener - Received status text Monday marketing tweet held over from the bank holiday until today for added impact (I hope). Still time for a 'spring clean' to find any lingering hangers-on before the onset of storage pest boom time as autumn looms. https://t.co/JTplLwnYUm sending to kafka topic twitter-topic
2021-08-31 13:27:36 [Twitter4J Async Dispatcher[0]] INFO  c.m.d.t.t.k.s.l.TwitterKafkaStatusListener - Received status text @MarinaPurkiss Eton to be downgraded to middle class food, such as lemons, spring onions,... sending to kafka topic twitter-topic
2021-08-31 13:27:39 [Twitter4J Async Dispatcher[0]] INFO  c.m.d.t.t.k.s.l.TwitterKafkaStatusListener - Received status text Lockdown day 14 - cold spring sunshine, lots of drawing, zoomed my beautiful class (plus lil), and cupcakes which I have been promising for days. https://t.co/9cLEZRpfOu sending to kafka topic twitter-topic
2021-08-31 13:27:39 [Twitter4J Async Dispatcher[0]] INFO  c.m.d.t.t.k.s.l.TwitterKafkaStatusListener - Received status text RT @fvirybrii:  Our Most Active Wins A Spring Halo 2020  

   Follow me + @luvhmaria w/ bell
  Like and retweet 
  Interact sending to kafka topic twitter-topic
2021-08-31 13:27:39 [Twitter4J Async Dispatcher[0]] INFO  c.m.d.t.t.k.s.l.TwitterKafkaStatusListener - Received status text RT @fvirybrii:  Our Most Active Wins A Spring Halo 2020  

   Follow me + @luvhmaria w/ bell
  Like and retweet 
  Interact sending to kafka topic twitter-topic
2021-08-31 13:27:43 [Twitter4J Async Dispatcher[0]] INFO  c.m.d.t.t.k.s.l.TwitterKafkaStatusListener - Received status text @Browndog721 @Mattunchained Hoping to get adjourned so they can ride over spring. Melham done it before. sending to kafka topic twitter-topic
2021-08-31 13:27:45 [Twitter4J Async Dispatcher[0]] INFO  c.m.d.t.t.k.s.l.TwitterKafkaStatusListener - Received status text RT @fvirybrii:  Our Most Active Wins A Spring Halo 2020  

   Follow me + @luvhmaria w/ bell
  Like and retweet 
  Interact sending to kafka topic twitter-topic
2021-08-31 13:27:50 [Twitter4J Async Dispatcher[0]] INFO  c.m.d.t.t.k.s.l.TwitterKafkaStatusListener - Received status text Yoon park is my Lil meow meow sending to kafka topic twitter-topic
2021-08-31 13:27:50 [Twitter4J Async Dispatcher[0]] INFO  c.m.d.t.t.k.s.l.TwitterKafkaStatusListener - Received status text RT @fvirybrii:  Our Most Active Wins A Spring Halo 2020  

   Follow me + @luvhmaria w/ bell
  Like and retweet 
  Interact sending to kafka topic twitter-topic
2021-08-31 13:27:50 [Twitter4J Async Dispatcher[0]] INFO  c.m.d.t.t.k.s.l.TwitterKafkaStatusListener - Received status text "Odamda gnlerdir yalnzm, ziyan yok dnyada da yllarca yalnz deil miydim?"

Franz Kafka https://t.co/Sjs92NzUyx sending to kafka topic twitter-topic
2021-08-31 13:27:50 [Twitter4J Async Dispatcher[0]] INFO  c.m.d.t.t.k.s.l.TwitterKafkaStatusListener - Received status text Are we welcoming summer or spring? sending to kafka topic twitter-topic
2021-08-31 13:27:52 [Twitter4J Async Dispatcher[0]] INFO  c.m.d.t.t.k.s.l.TwitterKafkaStatusListener - Received status text Hi @TurnbullMalcolm. I send you a cartoon picturing of you. Im an Indonesian artworker based in Surabaya, East Java trying to survive in this pandemic. If you like and willing to donate me, Please DM me. Any responses are appreciated. https://t.co/455nsfL1FF sending to kafka topic twitter-topic
2021-08-31 13:27:53 [Twitter4J Async Dispatcher[0]] INFO  c.m.d.t.t.k.s.l.TwitterKafkaStatusListener - Received status text RT @MISSION_spring: RT !
/  2    .  
(   ...)
   Dm  >< 

Link :: https://t.co/3mCgvC sending to kafka topic twitter-topic
2021-08-31 13:27:53 [Twitter4J Async Dispatcher[0]] INFO  c.m.d.t.t.k.s.l.TwitterKafkaStatusListener - Received status text RT @Udemy_Coupons1: cPanel Course https://t.co/Isn00B5eFs

#MachineLearning. #BigData #Analytics #DataScience #AI #IoT #IIoT #Python #RStat sending to kafka topic twitter-topic
2021-08-31 13:27:54 [Twitter4J Async Dispatcher[0]] INFO  c.m.d.t.t.k.s.l.TwitterKafkaStatusListener - Received status text RT @btsbaragi_jk: At the museum shop in the National Museum of Korea, the signs seen in the photos were placed next to the Goryeo celadon c sending to kafka topic twitter-topic
2021-08-31 13:27:55 [Twitter4J Async Dispatcher[0]] INFO  c.m.d.t.t.k.s.l.TwitterKafkaStatusListener - Received status text RT @fvirybrii:  Our Most Active Wins A Spring Halo 2020  

   Follow me + @luvhmaria w/ bell
  Like and retweet 
  Interact sending to kafka topic twitter-topic
2021-08-31 13:27:55 [Twitter4J Async Dispatcher[0]] INFO  c.m.d.t.t.k.s.l.TwitterKafkaStatusListener - Received status text RT @fvirybrii:  Our Most Active Wins A Spring Halo 2020  

   Follow me + @luvhmaria w/ bell
  Like and retweet 
  Interact sending to kafka topic twitter-topic
2021-08-31 13:27:56 [Twitter4J Async Dispatcher[0]] INFO  c.m.d.t.t.k.s.l.TwitterKafkaStatusListener - Received status text @priyankagandhi best python training in jaipur https://t.co/efHluO46JB
python institute in jaipur https://t.co/efHluO46JB 
best python coaching in jaipur https://t.co/efHluO46JB
best java training institute in jaipur https://t.co/efHluO46JB sending to kafka topic twitter-topic
2021-08-31 13:27:57 [Twitter4J Async Dispatcher[0]] INFO  c.m.d.t.t.k.s.l.TwitterKafkaStatusListener - Received status text RT @JapanTraCul: Thinking of the Coming Spring, by It Shinsui (1898-1972)

#shinhanga https://t.co/obk7Je2F6j sending to kafka topic twitter-topic
2021-08-31 13:27:58 [Twitter4J Async Dispatcher[0]] INFO  c.m.d.t.t.k.s.l.TwitterKafkaStatusListener - Received status text #ASEAN_StandForDemocracy
#Aug31Coup 
#WhatsHappeningInMyanmar https://t.co/WBWaiIATKx sending to kafka topic twitter-topic
2021-08-31 13:28:01 [Twitter4J Async Dispatcher[0]] INFO  c.m.d.t.t.k.s.l.TwitterKafkaStatusListener - Received status text #ASEAN_StandForDemocracy
#Aug31Coup 
#WhatsHappeningInMyanmar https://t.co/cfiIVXOaaX sending to kafka topic twitter-topic
2021-08-31 13:28:02 [Twitter4J Async Dispatcher[0]] INFO  c.m.d.t.t.k.s.l.TwitterKafkaStatusListener - Received status text @gini_hp hello, dance with dogs in spring sending to kafka topic twitter-topic
2021-08-31 13:28:03 [Twitter4J Async Dispatcher[0]] INFO  c.m.d.t.t.k.s.l.TwitterKafkaStatusListener - Received status text RT @mankai_movie: 




MANKAI MOVIEA3!
SPRING & SUMMER



MANKAI
 sending to kafka topic twitter-topic
2021-08-31 13:28:05 [Twitter4J Async Dispatcher[0]] INFO  c.m.d.t.t.k.s.l.TwitterKafkaStatusListener - Received status text :40(16:58)

NODC   SHOELACES  100cm 120cm 140cm 160cm   

:690
:200
https://t.co/NJyZKrXcyK sending to kafka topic twitter-topic
2021-08-31 13:28:05 [Twitter4J Async Dispatcher[0]] INFO  c.m.d.t.t.k.s.l.TwitterKafkaStatusListener - Received status text CursorTek is #selling #bulk #data of 3k plus #categories like:

#plumbing #electricians #contractors #architect #dentists #realtors #leads #HVAC #restaurants #hotels #roofing #flooring #daycare #gym #yoga #automotive #python #scrapy #java #php #emailslist

https://t.co/aZD1HpqhRm https://t.co/l2tIBuxX5P sending to kafka topic twitter-topic
2021-08-31 13:28:06 [Twitter4J Async Dispatcher[0]] INFO  c.m.d.t.t.k.s.l.TwitterKafkaStatusListener - Received status text #ASEAN_StandForDemocracy
#Aug31Coup 
#WhatsHappeningInMyanmar https://t.co/GiMTNDCI5H sending to kafka topic twitter-topic
2021-08-31 13:28:08 [Twitter4J Async Dispatcher[0]] INFO  c.m.d.t.t.k.s.l.TwitterKafkaStatusListener - Received status text Lord Krishna's birthday has celebrated in various names in world like Krishna Jayanthi, Gokulastami, Janmastami and more. This celebrations are mean to express the happiness..
Krishna Janmashtami Celebrations 2021 | AVSI | Spring Mount https://t.co/qC88Pa8tZY via @YouTube sending to kafka topic twitter-topic
2021-08-31 13:28:11 [Twitter4J Async Dispatcher[0]] INFO  c.m.d.t.t.k.s.l.TwitterKafkaStatusListener - Received status text From the ashes a fire shall be woken,
A light from the shadows shall spring;
Renewed shall beblade that was broken,
The crownless again shall beking.

JRR Tolkein is a genius. I dare you to argue.

#LOTR #RiddleOfStrider #poem sending to kafka topic twitter-topic
2021-08-31 13:28:11 [Twitter4J Async Dispatcher[0]] INFO  c.m.d.t.t.k.s.l.TwitterKafkaStatusListener - Received status text RT @CalebKTRE: No Gladewater vs Spring Hill game this week. @RedZoneETX @Matt_Stepp817 #txhsfb https://t.co/DBxuVxeKcl sending to kafka topic twitter-topic
2021-08-31 13:28:12 [Twitter4J Async Dispatcher[0]] INFO  c.m.d.t.t.k.s.l.TwitterKafkaStatusListener - Received status text RT @spoilsnbites: Spring is in the air !! Let us help you show your clients, employees, associates just how much you appreciate them with a sending to kafka topic twitter-topic
2021-08-31 13:28:12 [Twitter4J Async Dispatcher[0]] INFO  c.m.d.t.t.k.s.l.TwitterKafkaStatusListener - Received status text Hi @SenatorWong. I send you a cartoon picturing of you. Im an Indonesian artworker based in Surabaya, East Java trying to survive in this pandemic. If you like and willing to donate me, Please DM me. Any responses are appreciated. https://t.co/vk5HcGV34y sending to kafka topic twitter-topic
2021-08-31 13:28:13 [Twitter4J Async Dispatcher[0]] INFO  c.m.d.t.t.k.s.l.TwitterKafkaStatusListener - Received status text @jaymeleefox Very beautiful and enjoy the spring  sending to kafka topic twitter-topic
2021-08-31 13:28:13 [Twitter4J Async Dispatcher[0]] INFO  c.m.d.t.t.k.s.l.TwitterKafkaStatusListener - Received status text @ranjitrao1 Yes Ranjit.
Ive felt demoralised this time around. Thats despite a job, a largely happy and healthy family and enough room at home for us all to spread out. I cant imagine how tough some are doing it. Hope doesnt always spring eternal. Sometimes help is needed. sending to kafka topic twitter-topic
2021-08-31 13:28:13 [Twitter4J Async Dispatcher[0]] INFO  c.m.d.t.t.k.s.l.TwitterKafkaStatusListener - Received status text RT @arasaucedo24: ~Sweet April showers do spring May flowers. 
             Thomas Tusser 

#HappyNewMonth ... for all.  https://t.co sending to kafka topic twitter-topic
2021-08-31 13:28:16 [Twitter4J Async Dispatcher[0]] INFO  c.m.d.t.t.k.s.l.TwitterKafkaStatusListener - Received status text RT @mankai_movie: 




MANKAI MOVIEA3!
SPRING & SUMMER



MANKAI
 sending to kafka topic twitter-topic
2021-08-31 13:28:16 [Twitter4J Async Dispatcher[0]] INFO  c.m.d.t.t.k.s.l.TwitterKafkaStatusListener - Received status text #bbc #bbcurdu #cnn #ajenglish 

After surging in the spring, the prices of goods like lumber, corn and soybeans have come back down to Earth. But coffee is headed in the opposite direction. https://t.co/Mer9S2aEl0 sending to kafka topic twitter-topic
2021-08-31 13:28:20 [Twitter4J Async Dispatcher[0]] INFO  c.m.d.t.t.k.s.l.TwitterKafkaStatusListener - Received status text First day of spring tomorrow - a great day to welcome @mdezwart to @FlindersJbc @Flinders as Professor in Digital Technology, Security and Governance
https://t.co/yfAlyOr772 sending to kafka topic twitter-topic
2021-08-31 13:28:20 [Twitter4J Async Dispatcher[0]] INFO  c.m.d.t.t.k.s.l.TwitterKafkaStatusListener - Received status text RT @culturabang: "Al creer apasionadamente en algo que no existe, lo creamos. Lo inexistente es todo lo que no hemos deseado lo suficiente. sending to kafka topic twitter-topic
2021-08-31 13:28:20 [Twitter4J Async Dispatcher[0]] INFO  c.m.d.t.t.k.s.l.TwitterKafkaStatusListener - Received status text #ASEAN_StandForDemocracy
#Aug31Coup 
#WhatsHappeningInMyanmar https://t.co/GzABPJJFlN sending to kafka topic twitter-topic
2021-08-31 13:28:20 [Twitter4J Async Dispatcher[0]] INFO  c.m.d.t.t.k.s.l.TwitterKafkaStatusListener - Received status text RT @cursortek: CursorTek is #selling #bulk #data of 3k plus #categories like:

#plumbing #electricians #contractors #architect #dentists #r sending to kafka topic twitter-topic
2021-08-31 13:28:21 [Twitter4J Async Dispatcher[0]] INFO  c.m.d.t.t.k.s.l.TwitterKafkaStatusListener - Received status text RT @maninifesting: Hamda Al Fahim Spring 2019 https://t.co/PMOjRMR3j1 sending to kafka topic twitter-topic
2021-08-31 13:28:21 [Twitter4J Async Dispatcher[0]] INFO  c.m.d.t.t.k.s.l.TwitterKafkaStatusListener - Received status text RT @MathsChemistry: Pay someone to do your;
Homework
#Essays due
English
Dissertation
#Thesis
Physics
Case study
Essays
Spring classes 
Ass sending to kafka topic twitter-topic
2021-08-31 13:28:22 [Twitter4J Async Dispatcher[0]] INFO  c.m.d.t.t.k.s.l.TwitterKafkaStatusListener - Received status text winter sending to kafka topic twitter-topic
2021-08-31 13:28:22 [Twitter4J Async Dispatcher[0]] INFO  c.m.d.t.t.k.s.l.TwitterKafkaStatusListener - Received status text 
Java

Apex https://t.co/sNlTbR2rdE sending to kafka topic twitter-topic
2021-08-31 13:28:24 [Twitter4J Async Dispatcher[0]] INFO  c.m.d.t.t.k.s.l.TwitterKafkaStatusListener - Received status text Key or relate. Identify clearly group environmental spring fill. Deal me health range.
Ready decade turn book environment. Evening partner smile scientist.
Memory operation various even of offer. sending to kafka topic twitter-topic
2021-08-31 13:28:24 [Twitter4J Async Dispatcher[0]] INFO  c.m.d.t.t.k.s.l.TwitterKafkaStatusListener - Received status text RT @fvirybrii:  Our Most Active Wins A Spring Halo 2020  

   Follow me + @luvhmaria w/ bell
  Like and retweet 
  Interact sending to kafka topic twitter-topic
2021-08-31 13:28:25 [Twitter4J Async Dispatcher[0]] INFO  c.m.d.t.t.k.s.l.TwitterKafkaStatusListener - Received status text RT @mytrashcode: No. 1263 programming meme #programmingjoke #code #coding #javascript #python #datascience #programming #programmer #joke # sending to kafka topic twitter-topic
2021-08-31 13:28:25 [Twitter4J Async Dispatcher[0]] INFO  c.m.d.t.t.k.s.l.TwitterKafkaStatusListener - Received status text RT @ryyyyo_k:  sending to kafka topic twitter-topic
2021-08-31 13:28:26 [Twitter4J Async Dispatcher[0]] INFO  c.m.d.t.t.k.s.l.TwitterKafkaStatusListener - Received status text RT @itsgardningtime: #Primrose Are Early #Spring #Flowers! #flower #flowerpower #garden https://t.co/2bZWDMCFmM sending to kafka topic twitter-topic
2021-08-31 13:28:26 [Twitter4J Async Dispatcher[0]] INFO  c.m.d.t.t.k.s.l.TwitterKafkaStatusListener - Received status text RT @fvirybrii:  Our Most Active Wins A Spring Halo 2020  

   Follow me + @luvhmaria w/ bell
  Like and retweet 
  Interact sending to kafka topic twitter-topic
2021-08-31 13:28:26 [Twitter4J Async Dispatcher[0]] INFO  c.m.d.t.t.k.s.l.TwitterKafkaStatusListener - Received status text RT @MizzimaNews: #Spring Revolution Daily News for 31st August 2021 | Mizzima Myanmar News and Insight https://t.co/7YJF2ixWt7
------------ sending to kafka topic twitter-topic
2021-08-31 13:28:26 [Twitter4J Async Dispatcher[0]] INFO  c.m.d.t.t.k.s.l.TwitterKafkaStatusListener - Received status text @bhavdip143 Isnt spring the time for new life? 

My portfolio could also do with a resurrection sending to kafka topic twitter-topic
2021-08-31 13:28:27 [Twitter4J Async Dispatcher[0]] INFO  c.m.d.t.t.k.s.l.TwitterKafkaStatusListener - Received status text @BlairWilliams26 This is a VIBE. I was going fine until recently. I literally wrote some notes by hand for a Zoom lecture last night, luckily a topic about which I could talk extemporaneously FOREVER. I think I'm gonna spring for a printer though. sending to kafka topic twitter-topic
2021-08-31 13:28:28 [Twitter4J Async Dispatcher[0]] INFO  c.m.d.t.t.k.s.l.TwitterKafkaStatusListener - Received status text @Alonzo_CTHG @JepunK No country will attack us in spring. sending to kafka topic twitter-topic
2021-08-31 13:28:28 [Twitter4J Async Dispatcher[0]] INFO  c.m.d.t.t.k.s.l.TwitterKafkaStatusListener - Received status text RT @SPRiNGNEWS_TH:   20      sending to kafka topic twitter-topic
2021-08-31 13:28:28 [Twitter4J Async Dispatcher[0]] INFO  c.m.d.t.t.k.s.l.TwitterKafkaStatusListener - Received status text @myogiadityanath java classes in jaipur https://t.co/efHluO46JB
Java training in Jaipur https://t.co/efHluO46JB
Summer Internship Training Jaipur https://t.co/efHluO46JB
Summer Training In Jaipur https://t.co/efHluO46JB
MCA Internship in Jaipur https://t.co/efHluO46JB sending to kafka topic twitter-topic
2021-08-31 13:28:29 [Twitter4J Async Dispatcher[0]] INFO  c.m.d.t.t.k.s.l.TwitterKafkaStatusListener - Received status text Hi @RealHughJackman. I send you a cartoon picturing of you. Im an Indonesian artworker based in Surabaya, East Java trying to survive in this pandemic. If you like and willing to donate me, Please DM me. Any responses are appreciated. https://t.co/vFwSgMh0U0 sending to kafka topic twitter-topic
2021-08-31 13:28:30 [Twitter4J Async Dispatcher[0]] INFO  c.m.d.t.t.k.s.l.TwitterKafkaStatusListener - Received status text  @sotecconsulting est contratando en Remoto un Desarrollador BIG DATA  (WorldWide).
#trabajoremoto #remotejobs #oracle #java 

Aplica aqu 
https://t.co/GQTV7nPI5l sending to kafka topic twitter-topic
2021-08-31 13:28:31 [Twitter4J Async Dispatcher[0]] INFO  c.m.d.t.t.k.s.l.TwitterKafkaStatusListener - Received status text RT @C_D_Y_L: RRR vintage 2021 SpringCodyLee()

look 1PARK

look 2SCHOOL

look 3DINNER https://t.co/bOPIVPIQRl sending to kafka topic twitter-topic
2021-08-31 13:28:31 [Twitter4J Async Dispatcher[0]] INFO  c.m.d.t.t.k.s.l.TwitterKafkaStatusListener - Received status text RT @Doxyaxone: #DataViz in #Python: Matplotlib vs Seaborn. #BigData #Analytics #AI #DataScience #IoT #IIoT #PyTorch #RStats #DotNet #C #CPP sending to kafka topic twitter-topic
2021-08-31 13:28:33 [Twitter4J Async Dispatcher[0]] INFO  c.m.d.t.t.k.s.l.TwitterKafkaStatusListener - Received status text Style | Spring/Summer Round Up | How to Style a Basic White Tee https://t.co/oWilESRFvO sending to kafka topic twitter-topic
2021-08-31 13:28:33 [Twitter4J Async Dispatcher[0]] INFO  c.m.d.t.t.k.s.l.TwitterKafkaStatusListener - Received status text RT @fumiya326: MANKAI


A3! 


 sending to kafka topic twitter-topic
2021-08-31 13:28:35 [Twitter4J Async Dispatcher[0]] INFO  c.m.d.t.t.k.s.l.TwitterKafkaStatusListener - Received status text september is such a spring month like it fits so well imagine it being autumn sending to kafka topic twitter-topic
2021-08-31 13:28:35 [Twitter4J Async Dispatcher[0]] INFO  c.m.d.t.t.k.s.l.TwitterKafkaStatusListener - Received status text RT @fvirybrii:  Our Most Active Wins A Spring Halo 2020  

   Follow me + @luvhmaria w/ bell
  Like and retweet 
  Interact sending to kafka topic twitter-topic
2021-08-31 13:28:35 [Twitter4J Async Dispatcher[0]] INFO  c.m.d.t.t.k.s.l.TwitterKafkaStatusListener - Received status text RT @fvirybrii:  Our Most Active Wins A Spring Halo 2020  

   Follow me + @luvhmaria w/ bell
  Like and retweet 
  Interact sending to kafka topic twitter-topic
2021-08-31 13:28:35 [kafka-admin-client-thread | adminclient-1] INFO  o.a.kafka.common.utils.AppInfoParser - App info kafka.admin.client for adminclient-1 unregistered
2021-08-31 13:28:35 [kafka-admin-client-thread | adminclient-1] INFO  o.a.kafka.common.metrics.Metrics - Metrics scheduler closed
2021-08-31 13:28:35 [kafka-admin-client-thread | adminclient-1] INFO  o.a.kafka.common.metrics.Metrics - Closing reporter org.apache.kafka.common.metrics.JmxReporter
2021-08-31 13:28:35 [kafka-admin-client-thread | adminclient-1] INFO  o.a.kafka.common.metrics.Metrics - Metrics reporters closed
2021-08-31 13:28:35 [SpringApplicationShutdownHook] INFO  c.m.d.t.t.k.s.r.i.TwitterKafkaStreamRunner - Closing twitter stream
2021-08-31 13:28:36 [SpringApplicationShutdownHook] INFO  c.m.d.k.p.c.s.i.TwitterKafkaProducer - Closing kafka producer!
