2021-09-09 00:49:44 [main] INFO  c.u.j.c.EnableEncryptablePropertiesBeanFactoryPostProcessor - Post-processing PropertySource instances
2021-09-09 00:49:44 [main] INFO  c.u.j.EncryptablePropertySourceConverter - Skipping PropertySource configurationProperties [class org.springframework.boot.context.properties.source.ConfigurationPropertySourcesPropertySource
2021-09-09 00:49:44 [main] INFO  c.u.j.EncryptablePropertySourceConverter - Converting PropertySource bootstrap [org.springframework.core.env.MapPropertySource] to EncryptableMapPropertySourceWrapper
2021-09-09 00:49:44 [main] INFO  c.u.j.EncryptablePropertySourceConverter - Converting PropertySource commandLineArgs [org.springframework.core.env.SimpleCommandLinePropertySource] to EncryptableEnumerablePropertySourceWrapper
2021-09-09 00:49:44 [main] INFO  c.u.j.EncryptablePropertySourceConverter - Converting PropertySource systemProperties [org.springframework.core.env.PropertiesPropertySource] to EncryptableMapPropertySourceWrapper
2021-09-09 00:49:44 [main] INFO  c.u.j.EncryptablePropertySourceConverter - Converting PropertySource systemEnvironment [org.springframework.boot.env.SystemEnvironmentPropertySourceEnvironmentPostProcessor$OriginAwareSystemEnvironmentPropertySource] to EncryptableSystemEnvironmentPropertySourceWrapper
2021-09-09 00:49:44 [main] INFO  c.u.j.EncryptablePropertySourceConverter - Converting PropertySource random [org.springframework.boot.env.RandomValuePropertySource] to EncryptablePropertySourceWrapper
2021-09-09 00:49:44 [main] INFO  c.u.j.EncryptablePropertySourceConverter - Converting PropertySource cachedrandom [org.springframework.cloud.util.random.CachedRandomPropertySource] to EncryptablePropertySourceWrapper
2021-09-09 00:49:44 [main] INFO  c.u.j.EncryptablePropertySourceConverter - Converting PropertySource springCloudClientHostInfo [org.springframework.core.env.MapPropertySource] to EncryptableMapPropertySourceWrapper
2021-09-09 00:49:44 [main] INFO  c.u.j.EncryptablePropertySourceConverter - Converting PropertySource Config resource 'class path resource [bootstrap.yml]' via location 'optional:classpath:/' [org.springframework.boot.env.OriginTrackedMapPropertySource] to EncryptableMapPropertySourceWrapper
2021-09-09 00:49:44 [main] INFO  c.u.j.f.DefaultLazyPropertyFilter - Property Filter custom Bean not found with name 'encryptablePropertyFilter'. Initializing Default Property Filter
2021-09-09 00:49:44 [main] INFO  c.u.j.r.DefaultLazyPropertyResolver - Property Resolver custom Bean not found with name 'encryptablePropertyResolver'. Initializing Default Property Resolver
2021-09-09 00:49:44 [main] INFO  c.u.j.d.DefaultLazyPropertyDetector - Property Detector custom Bean not found with name 'encryptablePropertyDetector'. Initializing Default Property Detector
2021-09-09 00:49:45 [main] INFO  c.u.j.c.RefreshScopeRefreshedEventListener - Refreshing cached encryptable property sources on EnvironmentChangeEvent
2021-09-09 00:49:45 [main] INFO  c.u.j.c.CachingDelegateEncryptablePropertySource - Property Source commandLineArgs refreshed
2021-09-09 00:49:45 [main] INFO  c.u.j.c.CachingDelegateEncryptablePropertySource - Property Source systemProperties refreshed
2021-09-09 00:49:45 [main] INFO  c.u.j.c.CachingDelegateEncryptablePropertySource - Property Source systemEnvironment refreshed
2021-09-09 00:49:45 [main] INFO  c.u.j.c.CachingDelegateEncryptablePropertySource - Property Source random refreshed
2021-09-09 00:49:45 [main] INFO  c.u.j.c.CachingDelegateEncryptablePropertySource - Property Source cachedrandom refreshed
2021-09-09 00:49:45 [main] INFO  c.u.j.c.CachingDelegateEncryptablePropertySource - Property Source springCloudClientHostInfo refreshed
2021-09-09 00:49:45 [main] INFO  c.u.j.c.CachingDelegateEncryptablePropertySource - Property Source Config resource 'class path resource [bootstrap.yml]' via location 'optional:classpath:/' refreshed
2021-09-09 00:49:45 [main] INFO  c.u.j.EncryptablePropertySourceConverter - Converting PropertySource decrypted [org.springframework.core.env.SystemEnvironmentPropertySource] to EncryptableSystemEnvironmentPropertySourceWrapper
2021-09-09 00:49:45 [main] INFO  c.u.j.EncryptablePropertySourceConverter - Skipping PropertySource configurationProperties [class org.springframework.boot.context.properties.source.ConfigurationPropertySourcesPropertySource
2021-09-09 00:49:45 [main] INFO  c.u.j.EncryptablePropertySourceConverter - Converting PropertySource springCloudDefaultProperties [org.springframework.cloud.bootstrap.BootstrapApplicationListener$ExtendedDefaultPropertySource] to EncryptableSystemEnvironmentPropertySourceWrapper
2021-09-09 00:49:45 [main] INFO  o.s.c.c.c.ConfigServicePropertySourceLocator - Fetching config from server at : http://localhost:8888
2021-09-09 00:49:47 [main] INFO  o.s.c.c.c.ConfigServicePropertySourceLocator - Located environment: name=twitter-to-kafka-service,config-client, profiles=[twitter_to_kafka], label=null, version=f2f14ba197dabe1d5aeea7cb248dac81872a77d1, state=null
2021-09-09 00:49:47 [main] INFO  o.s.c.b.c.PropertySourceBootstrapConfiguration - Located property source: [BootstrapPropertySource {name='bootstrapProperties-configClient'}, BootstrapPropertySource {name='bootstrapProperties-https://github.com/vishalgorule/spring-cloud-config-server/config-client-twitter_to_kafka.yml'}, BootstrapPropertySource {name='bootstrapProperties-https://github.com/vishalgorule/spring-cloud-config-server/config-client.yml'}]
2021-09-09 00:49:47 [main] INFO  c.u.j.c.RefreshScopeRefreshedEventListener - Refreshing cached encryptable property sources on EnvironmentChangeEvent
2021-09-09 00:49:47 [main] INFO  c.u.j.c.CachingDelegateEncryptablePropertySource - Property Source commandLineArgs refreshed
2021-09-09 00:49:47 [main] INFO  c.u.j.c.CachingDelegateEncryptablePropertySource - Property Source systemProperties refreshed
2021-09-09 00:49:47 [main] INFO  c.u.j.c.CachingDelegateEncryptablePropertySource - Property Source systemEnvironment refreshed
2021-09-09 00:49:47 [main] INFO  c.u.j.c.CachingDelegateEncryptablePropertySource - Property Source random refreshed
2021-09-09 00:49:47 [main] INFO  c.u.j.c.CachingDelegateEncryptablePropertySource - Property Source cachedrandom refreshed
2021-09-09 00:49:47 [main] INFO  c.u.j.c.CachingDelegateEncryptablePropertySource - Property Source springCloudClientHostInfo refreshed
2021-09-09 00:49:47 [main] INFO  c.u.j.c.CachingDelegateEncryptablePropertySource - Property Source Config resource 'class path resource [bootstrap.yml]' via location 'optional:classpath:/' refreshed
2021-09-09 00:49:47 [main] INFO  c.u.j.c.CachingDelegateEncryptablePropertySource - Property Source springCloudDefaultProperties refreshed
2021-09-09 00:49:47 [main] INFO  c.u.j.EncryptablePropertySourceConverter - Converting PropertySource decrypted [org.springframework.core.env.SystemEnvironmentPropertySource] to EncryptableSystemEnvironmentPropertySourceWrapper
2021-09-09 00:49:47 [main] INFO  c.u.j.EncryptablePropertySourceConverter - Skipping PropertySource configurationProperties [class org.springframework.boot.context.properties.source.ConfigurationPropertySourcesPropertySource
2021-09-09 00:49:47 [main] INFO  c.m.d.t.t.k.s.TwitterToKafkaServiceApplication - The following profiles are active: twitter_to_kafka
2021-09-09 00:49:49 [main] INFO  o.s.cloud.context.scope.GenericScope - BeanFactory id=3e28a2f8-c782-3ecc-a325-0bae0e8e74fa
2021-09-09 00:49:49 [main] INFO  c.u.j.c.EnableEncryptablePropertiesBeanFactoryPostProcessor - Post-processing PropertySource instances
2021-09-09 00:49:49 [main] INFO  c.u.j.EncryptablePropertySourceConverter - Converting PropertySource decrypted [org.springframework.core.env.SystemEnvironmentPropertySource] to EncryptableSystemEnvironmentPropertySourceWrapper
2021-09-09 00:49:49 [main] INFO  c.u.j.EncryptablePropertySourceConverter - Skipping PropertySource configurationProperties [class org.springframework.boot.context.properties.source.ConfigurationPropertySourcesPropertySource
2021-09-09 00:49:49 [main] INFO  c.u.j.EncryptablePropertySourceConverter - Converting PropertySource commandLineArgs [org.springframework.core.env.SimpleCommandLinePropertySource] to EncryptableEnumerablePropertySourceWrapper
2021-09-09 00:49:49 [main] INFO  c.u.j.EncryptablePropertySourceConverter - Converting PropertySource systemProperties [org.springframework.core.env.PropertiesPropertySource] to EncryptableMapPropertySourceWrapper
2021-09-09 00:49:49 [main] INFO  c.u.j.EncryptablePropertySourceConverter - Converting PropertySource systemEnvironment [org.springframework.boot.env.SystemEnvironmentPropertySourceEnvironmentPostProcessor$OriginAwareSystemEnvironmentPropertySource] to EncryptableSystemEnvironmentPropertySourceWrapper
2021-09-09 00:49:49 [main] INFO  c.u.j.EncryptablePropertySourceConverter - Converting PropertySource random [org.springframework.boot.env.RandomValuePropertySource] to EncryptablePropertySourceWrapper
2021-09-09 00:49:49 [main] INFO  c.u.j.EncryptablePropertySourceConverter - Converting PropertySource cachedrandom [org.springframework.cloud.util.random.CachedRandomPropertySource] to EncryptablePropertySourceWrapper
2021-09-09 00:49:49 [main] INFO  c.u.j.EncryptablePropertySourceConverter - Converting PropertySource springCloudClientHostInfo [org.springframework.core.env.MapPropertySource] to EncryptableMapPropertySourceWrapper
2021-09-09 00:49:49 [main] INFO  c.u.j.EncryptablePropertySourceConverter - Converting PropertySource springCloudDefaultProperties [org.springframework.core.env.MapPropertySource] to EncryptableMapPropertySourceWrapper
2021-09-09 00:49:49 [main] INFO  c.u.j.EncryptablePropertySourceConverter - Converting PropertySource bootstrapProperties-configClient [org.springframework.cloud.bootstrap.config.BootstrapPropertySource] to EncryptableEnumerablePropertySourceWrapper
2021-09-09 00:49:49 [main] INFO  c.u.j.EncryptablePropertySourceConverter - Converting PropertySource bootstrapProperties-https://github.com/vishalgorule/spring-cloud-config-server/config-client-twitter_to_kafka.yml [org.springframework.cloud.bootstrap.config.BootstrapPropertySource] to EncryptableEnumerablePropertySourceWrapper
2021-09-09 00:49:49 [main] INFO  c.u.j.EncryptablePropertySourceConverter - Converting PropertySource bootstrapProperties-https://github.com/vishalgorule/spring-cloud-config-server/config-client.yml [org.springframework.cloud.bootstrap.config.BootstrapPropertySource] to EncryptableEnumerablePropertySourceWrapper
2021-09-09 00:49:49 [main] INFO  o.s.c.s.PostProcessorRegistrationDelegate$BeanPostProcessorChecker - Bean 'org.springframework.retry.annotation.RetryConfiguration' of type [org.springframework.retry.annotation.RetryConfiguration] is not eligible for getting processed by all BeanPostProcessors (for example: not eligible for auto-proxying)
2021-09-09 00:49:50 [main] INFO  c.u.j.f.DefaultLazyPropertyFilter - Property Filter custom Bean not found with name 'encryptablePropertyFilter'. Initializing Default Property Filter
2021-09-09 00:49:50 [main] INFO  c.u.j.r.DefaultLazyPropertyResolver - Property Resolver custom Bean not found with name 'encryptablePropertyResolver'. Initializing Default Property Resolver
2021-09-09 00:49:50 [main] INFO  c.u.j.d.DefaultLazyPropertyDetector - Property Detector custom Bean not found with name 'encryptablePropertyDetector'. Initializing Default Property Detector
2021-09-09 00:49:50 [main] INFO  o.a.k.c.admin.AdminClientConfig - AdminClientConfig values: 
	bootstrap.servers = [localhost:19092, localhost:29092, localhost:39092]
	client.dns.lookup = use_all_dns_ips
	client.id = 
	connections.max.idle.ms = 300000
	default.api.timeout.ms = 60000
	metadata.max.age.ms = 300000
	metric.reporters = []
	metrics.num.samples = 2
	metrics.recording.level = INFO
	metrics.sample.window.ms = 30000
	receive.buffer.bytes = 65536
	reconnect.backoff.max.ms = 1000
	reconnect.backoff.ms = 50
	request.timeout.ms = 30000
	retries = 2147483647
	retry.backoff.ms = 100
	sasl.client.callback.handler.class = null
	sasl.jaas.config = null
	sasl.kerberos.kinit.cmd = /usr/bin/kinit
	sasl.kerberos.min.time.before.relogin = 60000
	sasl.kerberos.service.name = null
	sasl.kerberos.ticket.renew.jitter = 0.05
	sasl.kerberos.ticket.renew.window.factor = 0.8
	sasl.login.callback.handler.class = null
	sasl.login.class = null
	sasl.login.refresh.buffer.seconds = 300
	sasl.login.refresh.min.period.seconds = 60
	sasl.login.refresh.window.factor = 0.8
	sasl.login.refresh.window.jitter = 0.05
	sasl.mechanism = GSSAPI
	security.protocol = PLAINTEXT
	security.providers = null
	send.buffer.bytes = 131072
	socket.connection.setup.timeout.max.ms = 127000
	socket.connection.setup.timeout.ms = 10000
	ssl.cipher.suites = null
	ssl.enabled.protocols = [TLSv1.2, TLSv1.3]
	ssl.endpoint.identification.algorithm = https
	ssl.engine.factory.class = null
	ssl.key.password = null
	ssl.keymanager.algorithm = SunX509
	ssl.keystore.certificate.chain = null
	ssl.keystore.key = null
	ssl.keystore.location = null
	ssl.keystore.password = null
	ssl.keystore.type = JKS
	ssl.protocol = TLSv1.3
	ssl.provider = null
	ssl.secure.random.implementation = null
	ssl.trustmanager.algorithm = PKIX
	ssl.truststore.certificates = null
	ssl.truststore.location = null
	ssl.truststore.password = null
	ssl.truststore.type = JKS

2021-09-09 00:49:50 [main] INFO  o.a.kafka.common.utils.AppInfoParser - Kafka version: 2.7.1
2021-09-09 00:49:50 [main] INFO  o.a.kafka.common.utils.AppInfoParser - Kafka commitId: 61dbce85d0d41457
2021-09-09 00:49:50 [main] INFO  o.a.kafka.common.utils.AppInfoParser - Kafka startTimeMs: 1631128790901
2021-09-09 00:49:51 [main] INFO  o.s.b.a.s.r.ReactiveUserDetailsServiceAutoConfiguration - 

Using generated security password: 802def68-fea4-443a-bee0-0a688a323383

2021-09-09 00:49:53 [main] INFO  o.s.b.w.e.netty.NettyWebServer - Netty started on port 8080
2021-09-09 00:49:53 [main] INFO  c.m.d.t.t.k.s.TwitterToKafkaServiceApplication - Started TwitterToKafkaServiceApplication in 11.323 seconds (JVM running for 13.281)
2021-09-09 00:49:53 [main] INFO  c.m.d.t.t.k.s.TwitterToKafkaServiceApplication - App starts...
2021-09-09 00:49:53 [main] INFO  c.m.d.k.a.client.KafkaAdminClient - Creating 1 topics(s), attempt 0
2021-09-09 00:49:53 [main] INFO  c.m.d.k.a.client.KafkaAdminClient - Reading kafka topics [twitter-topic], attempts 0
2021-09-09 00:49:56 [reactor-http-epoll-3] INFO  c.m.d.k.a.client.KafkaAdminClient - Successful response from schema registry
2021-09-09 00:49:56 [main] INFO  c.m.d.t.t.k.s.i.i.KafkaStreamInitializer - Topics with name twitter-topic is ready for operations!
2021-09-09 00:49:56 [main] INFO  c.m.d.t.t.k.s.r.i.TwitterKafkaStreamRunner - Started filtering twitter stream for keywords [Java, Microservices, Spring, Kafka, Elasticsearch]
2021-09-09 00:49:56 [Twitter Stream consumer /  [1][initializing]] INFO  twitter4j.TwitterStreamImpl - Establishing connection.
2021-09-09 00:49:58 [Twitter Stream consumer /  [1][Establishing connection]] INFO  twitter4j.TwitterStreamImpl - Connection established.
2021-09-09 00:49:58 [Twitter Stream consumer /  [1][Establishing connection]] INFO  twitter4j.TwitterStreamImpl - Receiving status stream.
2021-09-09 00:49:59 [Twitter4J Async Dispatcher[0]] INFO  c.m.d.t.t.k.s.l.TwitterKafkaStatusListener - Received status text RT @bts_bighit: We're all celebrating "Butter (feat. Megan Thee Stallion)" #1 on HOT100 🎉💛
Listen now and let's take over every spring, sum… sending to kafka topic twitter-topic
2021-09-09 00:49:59 [Twitter4J Async Dispatcher[0]] INFO  c.m.d.t.t.k.s.l.TwitterKafkaStatusListener - Received status text RT @bts_bighit: We're all celebrating "Butter (feat. Megan Thee Stallion)" #1 on HOT100 🎉💛
Listen now and let's take over every spring, sum… sending to kafka topic twitter-topic
2021-09-09 00:49:59 [Twitter4J Async Dispatcher[0]] INFO  c.m.d.t.t.k.s.l.TwitterKafkaStatusListener - Received status text RT @bts_bighit: We're all celebrating "Butter (feat. Megan Thee Stallion)" #1 on HOT100 🎉💛
Listen now and let's take over every spring, sum… sending to kafka topic twitter-topic
2021-09-09 00:49:59 [Twitter4J Async Dispatcher[0]] INFO  c.m.d.t.t.k.s.l.TwitterKafkaStatusListener - Received status text RT @bigdataconf: Top Five Ways To Become #Agile And Lean In Your #SupplyChain https://t.co/qzq3U9tKBg #kanban #bitcoin #DataScience #BigDat… sending to kafka topic twitter-topic
2021-09-09 00:49:59 [Twitter4J Async Dispatcher[0]] INFO  c.m.d.t.t.k.s.l.TwitterKafkaStatusListener - Received status text RT @Securipun: ♨️ hot spring ♨️ https://t.co/80iYsmMmdf sending to kafka topic twitter-topic
2021-09-09 00:50:00 [Twitter4J Async Dispatcher[0]] INFO  c.m.d.t.t.k.s.l.TwitterKafkaStatusListener - Received status text RT @bts_bighit: We're all celebrating "Butter (feat. Megan Thee Stallion)" #1 on HOT100 🎉💛
Listen now and let's take over every spring, sum… sending to kafka topic twitter-topic
2021-09-09 00:50:00 [Twitter4J Async Dispatcher[0]] INFO  c.m.d.t.t.k.s.l.TwitterKafkaStatusListener - Received status text RT @bts_bighit: We're all celebrating "Butter (feat. Megan Thee Stallion)" #1 on HOT100 🎉💛
Listen now and let's take over every spring, sum… sending to kafka topic twitter-topic
2021-09-09 00:50:00 [Twitter4J Async Dispatcher[0]] INFO  c.m.d.t.t.k.s.l.TwitterKafkaStatusListener - Received status text Wolk Morais Spring 2022 Ready-to-Wear Collection https://t.co/YdLJqdtsj1 sending to kafka topic twitter-topic
2021-09-09 00:50:01 [Twitter4J Async Dispatcher[0]] INFO  c.m.d.t.t.k.s.l.TwitterKafkaStatusListener - Received status text RT @bry_campbell: Hungarian opposition publisher was surveilled with Pegasus in spring 2021 | Direkt36 https://t.co/ruipDcGjrT sending to kafka topic twitter-topic
2021-09-09 00:50:01 [Twitter4J Async Dispatcher[0]] INFO  c.m.d.t.t.k.s.l.TwitterKafkaStatusListener - Received status text RT @bts_bighit: We're all celebrating "Butter (feat. Megan Thee Stallion)" #1 on HOT100 🎉💛
Listen now and let's take over every spring, sum… sending to kafka topic twitter-topic
2021-09-09 00:50:01 [Twitter4J Async Dispatcher[0]] INFO  c.m.d.t.t.k.s.l.TwitterKafkaStatusListener - Received status text RT @I_Am_Spring_Day: "Just wait Spring Day we'll get you 1 billion views soon!"

IT'S BEEN 4 YEARS. sending to kafka topic twitter-topic
2021-09-09 00:50:03 [Twitter4J Async Dispatcher[0]] INFO  c.m.d.t.t.k.s.l.TwitterKafkaStatusListener - Received status text RT @LiteraturayMas_: "No puedo hacerte entender.
No puedo hacer que nadie entienda lo que está sucediendo dentro de mí. Ni siquiera puedo e… sending to kafka topic twitter-topic
2021-09-09 00:50:04 [Twitter4J Async Dispatcher[0]] INFO  c.m.d.t.t.k.s.l.TwitterKafkaStatusListener - Received status text RT @I_Am_Spring_Day: "Just wait Spring Day we'll get you 1 billion views soon!"

IT'S BEEN 4 YEARS. sending to kafka topic twitter-topic
2021-09-09 00:50:04 [Twitter4J Async Dispatcher[0]] INFO  c.m.d.t.t.k.s.l.TwitterKafkaStatusListener - Received status text RT @bts_bighit: We're all celebrating "Butter (feat. Megan Thee Stallion)" #1 on HOT100 🎉💛
Listen now and let's take over every spring, sum… sending to kafka topic twitter-topic
2021-09-09 00:50:05 [Twitter4J Async Dispatcher[0]] INFO  c.m.d.t.t.k.s.l.TwitterKafkaStatusListener - Received status text RT @bts_bighit: We're all celebrating "Butter (feat. Megan Thee Stallion)" #1 on HOT100 🎉💛
Listen now and let's take over every spring, sum… sending to kafka topic twitter-topic
2021-09-09 00:50:06 [Twitter4J Async Dispatcher[0]] INFO  c.m.d.t.t.k.s.l.TwitterKafkaStatusListener - Received status text RT @bts_bighit: We're all celebrating "Butter (feat. Megan Thee Stallion)" #1 on HOT100 🎉💛
Listen now and let's take over every spring, sum… sending to kafka topic twitter-topic
2021-09-09 00:50:06 [Twitter4J Async Dispatcher[0]] INFO  c.m.d.t.t.k.s.l.TwitterKafkaStatusListener - Received status text RT @ayuu_chii: ✨Official AyuuChii Merch is Launched!!✨
RTs and Likes are SUPER appreciated! ♥

Posters, Stickers, Shirts, and other little… sending to kafka topic twitter-topic
2021-09-09 00:50:07 [Twitter4J Async Dispatcher[0]] INFO  c.m.d.t.t.k.s.l.TwitterKafkaStatusListener - Received status text RT @LiteraturayMas_: "No puedo hacerte entender.
No puedo hacer que nadie entienda lo que está sucediendo dentro de mí. Ni siquiera puedo e… sending to kafka topic twitter-topic
2021-09-09 00:50:07 [Twitter4J Async Dispatcher[0]] INFO  c.m.d.t.t.k.s.l.TwitterKafkaStatusListener - Received status text Cellular Protocol RAN Simulation Engineer at Apple (San Diego, CA) https://t.co/ZfaVLHWQqQ #java sending to kafka topic twitter-topic
2021-09-09 00:50:07 [Twitter4J Async Dispatcher[0]] INFO  c.m.d.t.t.k.s.l.TwitterKafkaStatusListener - Received status text ランキング:4位 (CD、音楽ソフト、チケット)

ジャニーズWEST ジャニーズWEST LIVE TOUR 2020 W trouble ［2Blu-ray Disc+ブックレッ......(04:20)

https://t.co/GfoLHTNRZT sending to kafka topic twitter-topic
2021-09-09 00:50:07 [Twitter4J Async Dispatcher[0]] INFO  c.m.d.t.t.k.s.l.TwitterKafkaStatusListener - Received status text ランキング:31位「ホビー」(04:20)

ZERO Basic 生分解性バイオ蓄光BB弾 0.20g 400g/約2000発入

価格:￥898 - ￥1,670
レビュー数:2,574
https://t.co/xRoYTTJwRa sending to kafka topic twitter-topic
2021-09-09 00:50:08 [Twitter4J Async Dispatcher[0]] INFO  c.m.d.t.t.k.s.l.TwitterKafkaStatusListener - Received status text RT @bts_bighit: We're all celebrating "Butter (feat. Megan Thee Stallion)" #1 on HOT100 🎉💛
Listen now and let's take over every spring, sum… sending to kafka topic twitter-topic
2021-09-09 00:50:08 [Twitter4J Async Dispatcher[0]] INFO  c.m.d.t.t.k.s.l.TwitterKafkaStatusListener - Received status text The skylark is a small brown bird, somewhat larger than a sparrow but smaller than a starling. It is streaky brown with a small crest, which can be raised when the  #Bird #Animal #Anthus #Skylark #Nature #Wildlife #Spring https://t.co/qjCCWx9p6G sending to kafka topic twitter-topic
2021-09-09 00:50:09 [Twitter4J Async Dispatcher[0]] INFO  c.m.d.t.t.k.s.l.TwitterKafkaStatusListener - Received status text RT @Siir_Sokaktadir: Delirmenin eşiğindeyim.

Franz Kafka sending to kafka topic twitter-topic
2021-09-09 00:50:09 [Twitter4J Async Dispatcher[0]] INFO  c.m.d.t.t.k.s.l.TwitterKafkaStatusListener - Received status text RT @m_suga2000: SPRING DAY after seeing another song is added to 1B club https://t.co/c81lW0UBAb sending to kafka topic twitter-topic
2021-09-09 00:50:09 [Twitter4J Async Dispatcher[0]] INFO  c.m.d.t.t.k.s.l.TwitterKafkaStatusListener - Received status text RT @bts_bighit: We're all celebrating "Butter (feat. Megan Thee Stallion)" #1 on HOT100 🎉💛
Listen now and let's take over every spring, sum… sending to kafka topic twitter-topic
2021-09-09 00:50:09 [Twitter4J Async Dispatcher[0]] INFO  c.m.d.t.t.k.s.l.TwitterKafkaStatusListener - Received status text RT @FashionweekNYC: Take a look at the Monique Lhuillier Spring 2022 Collection https://t.co/9Dg3cllTEH sending to kafka topic twitter-topic
2021-09-09 00:50:10 [Twitter4J Async Dispatcher[0]] INFO  c.m.d.t.t.k.s.l.TwitterKafkaStatusListener - Received status text RT @bts_bighit: We're all celebrating "Butter (feat. Megan Thee Stallion)" #1 on HOT100 🎉💛
Listen now and let's take over every spring, sum… sending to kafka topic twitter-topic
2021-09-09 00:50:10 [Twitter4J Async Dispatcher[0]] INFO  c.m.d.t.t.k.s.l.TwitterKafkaStatusListener - Received status text RT @bts_bighit: We're all celebrating "Butter (feat. Megan Thee Stallion)" #1 on HOT100 🎉💛
Listen now and let's take over every spring, sum… sending to kafka topic twitter-topic
2021-09-09 00:50:10 [Twitter4J Async Dispatcher[0]] INFO  c.m.d.t.t.k.s.l.TwitterKafkaStatusListener - Received status text RT @bts_bighit: We're all celebrating "Butter (feat. Megan Thee Stallion)" #1 on HOT100 🎉💛
Listen now and let's take over every spring, sum… sending to kafka topic twitter-topic
2021-09-09 00:50:10 [Twitter4J Async Dispatcher[0]] INFO  c.m.d.t.t.k.s.l.TwitterKafkaStatusListener - Received status text RT @bts_bighit: We're all celebrating "Butter (feat. Megan Thee Stallion)" #1 on HOT100 🎉💛
Listen now and let's take over every spring, sum… sending to kafka topic twitter-topic
2021-09-09 00:50:11 [Twitter4J Async Dispatcher[0]] INFO  c.m.d.t.t.k.s.l.TwitterKafkaStatusListener - Received status text RT @ajc: NEW: The only Georgia county to have its own eviction moratorium is also likely to extend a pandemic relief program through next S… sending to kafka topic twitter-topic
2021-09-09 00:50:12 [Twitter4J Async Dispatcher[0]] INFO  c.m.d.t.t.k.s.l.TwitterKafkaStatusListener - Received status text @JeremyFisherCPC Mostly not, no. They rely on making multiple stashes and other squirrels also making  multiple stashes and they just sniff out the nearest one come spring sending to kafka topic twitter-topic
2021-09-09 00:50:12 [Twitter4J Async Dispatcher[0]] INFO  c.m.d.t.t.k.s.l.TwitterKafkaStatusListener - Received status text RT @m_suga2000: SPRING DAY after seeing another song is added to 1B club https://t.co/c81lW0UBAb sending to kafka topic twitter-topic
2021-09-09 00:50:13 [Twitter4J Async Dispatcher[0]] INFO  c.m.d.t.t.k.s.l.TwitterKafkaStatusListener - Received status text RT @bts_bighit: We're all celebrating "Butter (feat. Megan Thee Stallion)" #1 on HOT100 🎉💛
Listen now and let's take over every spring, sum… sending to kafka topic twitter-topic
2021-09-09 00:50:14 [Twitter4J Async Dispatcher[0]] INFO  c.m.d.t.t.k.s.l.TwitterKafkaStatusListener - Received status text RT @bts_bighit: We're all celebrating "Butter (feat. Megan Thee Stallion)" #1 on HOT100 🎉💛
Listen now and let's take over every spring, sum… sending to kafka topic twitter-topic
2021-09-09 00:50:14 [Twitter4J Async Dispatcher[0]] INFO  c.m.d.t.t.k.s.l.TwitterKafkaStatusListener - Received status text RT @vantesangel__: in my opinion both Spring Day & Black Swan are underrated mvs and deserve more views. https://t.co/FPF1JchEnZ sending to kafka topic twitter-topic
2021-09-09 00:50:14 [Twitter4J Async Dispatcher[0]] INFO  c.m.d.t.t.k.s.l.TwitterKafkaStatusListener - Received status text What next, Turkey is still continuing its war against the Kurds, with the so-called “spring of peace” and “eagle’s claw” and from the beginning of 1938 in the Dersim region, in which about 40,000 Kurdish civilians were killed, and Turkey continued its war against the Kurds sending to kafka topic twitter-topic
2021-09-09 00:50:15 [Twitter4J Async Dispatcher[0]] INFO  c.m.d.t.t.k.s.l.TwitterKafkaStatusListener - Received status text RT @bts_bighit: We're all celebrating "Butter (feat. Megan Thee Stallion)" #1 on HOT100 🎉💛
Listen now and let's take over every spring, sum… sending to kafka topic twitter-topic
2021-09-09 00:50:15 [Twitter4J Async Dispatcher[0]] INFO  c.m.d.t.t.k.s.l.TwitterKafkaStatusListener - Received status text Bruce Willis is set to star in the sci-fi action film "Corrective Measures," a Tubi Original slated for release in spring 2022.  https://t.co/rBQBfioBFa sending to kafka topic twitter-topic
2021-09-09 00:50:16 [Twitter4J Async Dispatcher[0]] INFO  c.m.d.t.t.k.s.l.TwitterKafkaStatusListener - Received status text RT @LiteraturayMas_: "No puedo hacerte entender.
No puedo hacer que nadie entienda lo que está sucediendo dentro de mí. Ni siquiera puedo e… sending to kafka topic twitter-topic
2021-09-09 00:50:17 [Twitter4J Async Dispatcher[0]] INFO  c.m.d.t.t.k.s.l.TwitterKafkaStatusListener - Received status text @malinabnorm @bassesbasta Till hans försvar tror jag aldrig kafka hade sett ett fruset hav sending to kafka topic twitter-topic
2021-09-09 00:50:17 [kafka-admin-client-thread | adminclient-1] INFO  o.a.kafka.common.utils.AppInfoParser - App info kafka.admin.client for adminclient-1 unregistered
2021-09-09 00:50:17 [kafka-admin-client-thread | adminclient-1] INFO  o.a.kafka.common.metrics.Metrics - Metrics scheduler closed
2021-09-09 00:50:17 [kafka-admin-client-thread | adminclient-1] INFO  o.a.kafka.common.metrics.Metrics - Closing reporter org.apache.kafka.common.metrics.JmxReporter
2021-09-09 00:50:17 [kafka-admin-client-thread | adminclient-1] INFO  o.a.kafka.common.metrics.Metrics - Metrics reporters closed
2021-09-09 00:50:17 [SpringApplicationShutdownHook] INFO  c.m.d.t.t.k.s.r.i.TwitterKafkaStreamRunner - Closing twitter stream
2021-09-09 00:50:17 [SpringApplicationShutdownHook] INFO  c.m.d.k.p.c.s.i.TwitterKafkaProducer - Closing kafka producer!
